Arguments: 
  C:\Program Files\nodejs\node.exe C:\Users\armin\AppData\Roaming\npm\node_modules\yarn\bin\yarn.js

PATH: 
  C:\Python311\Scripts\;C:\Python311\;C:\Python310\Scripts\;C:\Python310\;C:\Program Files (x86)\VMware\VMware Workstation\bin\;C:\Windows\system32;C:\Windows;C:\Windows\System32\Wbem;C:\Windows\System32\WindowsPowerShell\v1.0\;C:\Windows\System32\OpenSSH\;C:\Program Files\Git\cmd;C:\ProgramData\chocolatey\bin;C:\Program Files\dotnet\;C:\Program Files\OpenVPN\bin;C:\Program Files\Docker\Docker\resources\bin;C:\Users\armin\AppData\Roaming\nvm;C:\Program Files\nodejs;C:\Ruby27-x64\bin;C:\Ruby31-x64\bin;C:\Users\armin\AppData\Local\Yarn\config\global\node_modules\.bin;C:\Users\armin\AppData\Roaming\Composer\vendor\bin;C:\Users\armin\AppData\Local\Microsoft\WindowsApps;C:\Users\armin\AppData\Local\Programs\Microsoft VS Code\bin;C:\Users\armin\AppData\Roaming\nvm;C:\Users\armin\AppData\Local\GitHubDesktop\bin;C:\oracle\instantclient_19_16;C:\Users\armin\AppData\Roaming\npm;C:\Users\armin\AppData\Roaming\nvm;C:\Program Files\nodejs

Yarn version: 
  1.22.18

Node version: 
  16.17.0

Platform: 
  win32 x64

Trace: 
  Error: EPERM: operation not permitted, unlink 'D:\BPMN\bpmn-panel\node_modules\@esbuild\win32-x64\esbuild.exe'

npm manifest: 
  {
  	"name": "bpmn-panel",
  	"version": "0.0.1",
  	"scripts": {
  		"dev": "vite dev",
  		"build": "vite build",
  		"prepare": "svelte-kit sync",
  		"preview": "vite preview",
  		"check": "svelte-kit sync && svelte-check --tsconfig ./jsconfig.json",
  		"check:watch": "svelte-kit sync && svelte-check --tsconfig ./jsconfig.json --watch",
  		"lint": "prettier --plugin-search-dir . --check .",
  		"format": "prettier --plugin-search-dir . --write ."
  	},
  	"devDependencies": {
  		"@fontsource/fira-mono": "^4.5.10",
  		"@neoconfetti/svelte": "^1.0.0",
  		"@sveltejs/adapter-auto": "^2.0.0",
  		"@sveltejs/kit": "^1.20.4",
  		"@tsconfig/svelte": "^5.0.2",
  		"@types/cookie": "^0.5.1",
  		"autoprefixer": "^10.4.15",
  		"daisyui": "^3.6.1",
  		"postcss": "^8.4.28",
  		"postcss-nesting": "^12.0.1",
  		"prettier": "^2.8.0",
  		"prettier-plugin-svelte": "^2.10.1",
  		"sass": "^1.66.1",
  		"svelte": "^4.0.5",
  		"svelte-check": "^3.5.1",
  		"svelte-preprocess": "^5.0.4",
  		"tailwindcss": "^3.3.3",
  		"typescript": "^5.2.2",
  		"vite": "^4.4.2"
  	},
  	"type": "module",
  	"dependencies": {
  		"@sveltejs/adapter-static": "^2.0.3",
  		"@types/lodash": "^4.14.197",
  		"bpmn-js": "^13.2.2",
  		"diagram-js-grid": "^0.2.0",
  		"inherits": "^2.0.4",
  		"inherits-browser": "^0.1.0",
  		"lodash": "^4.17.21",
  		"min-dash": "^4.1.1",
  		"tiny-svg": "^3.0.1",
  		"yesvelte": "^0.0.2-next.209"
  	}
  }

yarn manifest: 
  No manifest

Lockfile: 
  # THIS IS AN AUTOGENERATED FILE. DO NOT EDIT THIS FILE DIRECTLY.
  # yarn lockfile v1
  
  
  "@alloc/quick-lru@^5.2.0":
    "integrity" "sha512-UrcABB+4bUrFABwbluTIBErXwvbsU/V7TZWfmbgJfbkwiBuziS9gxdODUyuiecfdGQ85jglMW6juS3+z5TsKLw=="
    "resolved" "https://registry.npmjs.org/@alloc/quick-lru/-/quick-lru-5.2.0.tgz"
    "version" "5.2.0"
  
  "@ampproject/remapping@^2.2.1":
    "integrity" "sha512-lFMjJTrFL3j7L9yBxwYfCq2k6qqwHyzuUl/XBnif78PWTJYyL/dfowQHWE3sp6U6ZzqWiiIZnpTMO96zhkjwtg=="
    "resolved" "https://registry.npmjs.org/@ampproject/remapping/-/remapping-2.2.1.tgz"
    "version" "2.2.1"
    dependencies:
      "@jridgewell/gen-mapping" "^0.3.0"
      "@jridgewell/trace-mapping" "^0.3.9"
  
  "@bpmn-io/diagram-js-ui@^0.2.2":
    "integrity" "sha512-IgOIxOwoqsFB2mMPdXtcbPVPjdYkZ3huW7ipowYLhg5jdRGHlBronQ+LER+lfWro6sPtzEsw7qX8D8Yq9M2S5g=="
    "resolved" "https://registry.npmjs.org/@bpmn-io/diagram-js-ui/-/diagram-js-ui-0.2.2.tgz"
    "version" "0.2.2"
    dependencies:
      "htm" "^3.1.1"
      "preact" "^10.11.2"
  
  "@csstools/selector-specificity@^3.0.0":
    "integrity" "sha512-hBI9tfBtuPIi885ZsZ32IMEU/5nlZH/KOVYJCOh7gyMxaVLGmLedYqFN6Ui1LXkI8JlC8IsuC0rF0btcRZKd5g=="
    "resolved" "https://registry.npmjs.org/@csstools/selector-specificity/-/selector-specificity-3.0.0.tgz"
    "version" "3.0.0"
  
  "@esbuild/win32-x64@0.18.20":
    "integrity" "sha512-kTdfRcSiDfQca/y9QIkng02avJ+NCaQvrMejlsB3RRv5sE9rRoeBPISaZpKxHELzRxZyLvNts1P27W3wV+8geQ=="
    "resolved" "https://registry.npmjs.org/@esbuild/win32-x64/-/win32-x64-0.18.20.tgz"
    "version" "0.18.20"
  
  "@floating-ui/core@^1.4.1":
    "integrity" "sha512-jk3WqquEJRlcyu7997NtR5PibI+y5bi+LS3hPmguVClypenMsCY3CBa3LAQnozRCtCrYWSEtAdiskpamuJRFOQ=="
    "resolved" "https://registry.npmjs.org/@floating-ui/core/-/core-1.4.1.tgz"
    "version" "1.4.1"
    dependencies:
      "@floating-ui/utils" "^0.1.1"
  
  "@floating-ui/dom@^1.2.9":
    "integrity" "sha512-KwvVcPSXg6mQygvA1TjbN/gh///36kKtllIF8SUm0qpFj8+rvYrpvlYdL1JoA71SHpDqgSSdGOSoQ0Mp3uY5aw=="
    "resolved" "https://registry.npmjs.org/@floating-ui/dom/-/dom-1.5.1.tgz"
    "version" "1.5.1"
    dependencies:
      "@floating-ui/core" "^1.4.1"
      "@floating-ui/utils" "^0.1.1"
  
  "@floating-ui/utils@^0.1.1":
    "integrity" "sha512-m0G6wlnhm/AX0H12IOWtK8gASEMffnX08RtKkCgTdHb9JpHKGloI7icFfLg9ZmQeavcvR0PKmzxClyuFPSjKWw=="
    "resolved" "https://registry.npmjs.org/@floating-ui/utils/-/utils-0.1.1.tgz"
    "version" "0.1.1"
  
  "@fontsource/fira-mono@^4.5.10":
    "integrity" "sha512-bxUnRP8xptGRo8YXeY073DSpfK74XpSb0ZyRNpHV9WvLnJ7TwPOjZll8hTMin7zLC6iOp59pDZ8EQDj1gzgAQQ=="
    "resolved" "https://registry.npmjs.org/@fontsource/fira-mono/-/fira-mono-4.5.10.tgz"
    "version" "4.5.10"
  
  "@iconify/types@^2.0.0":
    "integrity" "sha512-+wluvCrRhXrhyOmRDJ3q8mux9JkKy5SJ/v8ol2tu4FVjyYvtEzkc/3pK15ET6RKg4b4w4BmTk1+gsCUhf21Ykg=="
    "resolved" "https://registry.npmjs.org/@iconify/types/-/types-2.0.0.tgz"
    "version" "2.0.0"
  
  "@jridgewell/gen-mapping@^0.3.0", "@jridgewell/gen-mapping@^0.3.2":
    "integrity" "sha512-HLhSWOLRi875zjjMG/r+Nv0oCW8umGb0BgEhyX3dDX3egwZtB8PqLnjz3yedt8R5StBrzcg4aBpnh8UA9D1BoQ=="
    "resolved" "https://registry.npmjs.org/@jridgewell/gen-mapping/-/gen-mapping-0.3.3.tgz"
    "version" "0.3.3"
    dependencies:
      "@jridgewell/set-array" "^1.0.1"
      "@jridgewell/sourcemap-codec" "^1.4.10"
      "@jridgewell/trace-mapping" "^0.3.9"
  
  "@jridgewell/resolve-uri@^3.1.0":
    "integrity" "sha512-dSYZh7HhCDtCKm4QakX0xFpsRDqjjtZf/kjI/v3T3Nwt5r8/qz/M19F9ySyOqU94SXBmeG9ttTul+YnR4LOxFA=="
    "resolved" "https://registry.npmjs.org/@jridgewell/resolve-uri/-/resolve-uri-3.1.1.tgz"
    "version" "3.1.1"
  
  "@jridgewell/set-array@^1.0.1":
    "integrity" "sha512-xnkseuNADM0gt2bs+BvhO0p78Mk762YnZdsuzFV018NoG1Sj1SCQvpSqa7XUaTam5vAGasABV9qXASMKnFMwMw=="
    "resolved" "https://registry.npmjs.org/@jridgewell/set-array/-/set-array-1.1.2.tgz"
    "version" "1.1.2"
  
  "@jridgewell/sourcemap-codec@^1.4.10", "@jridgewell/sourcemap-codec@^1.4.13", "@jridgewell/sourcemap-codec@^1.4.14", "@jridgewell/sourcemap-codec@^1.4.15":
    "integrity" "sha512-eF2rxCRulEKXHTRiDrDy6erMYWqNw4LPdQ8UQA4huuxaQsVeRPFl2oM8oDGxMFhJUWZf9McpLtJasDDZb/Bpeg=="
    "resolved" "https://registry.npmjs.org/@jridgewell/sourcemap-codec/-/sourcemap-codec-1.4.15.tgz"
    "version" "1.4.15"
  
  "@jridgewell/trace-mapping@^0.3.17", "@jridgewell/trace-mapping@^0.3.18", "@jridgewell/trace-mapping@^0.3.9":
    "integrity" "sha512-kf37QtfW+Hwx/buWGMPcR60iF9ziHa6r/CZJIHbmcm4+0qrXiVdxegAH0F6yddEVQ7zdkjcGCgCzUu+BcbhQxw=="
    "resolved" "https://registry.npmjs.org/@jridgewell/trace-mapping/-/trace-mapping-0.3.19.tgz"
    "version" "0.3.19"
    dependencies:
      "@jridgewell/resolve-uri" "^3.1.0"
      "@jridgewell/sourcemap-codec" "^1.4.14"
  
  "@neoconfetti/svelte@^1.0.0":
    "integrity" "sha512-SmksyaJAdSlMa9cTidVSIqYo1qti+WTsviNDwgjNVm+KQ3DRP2Df9umDIzC4vCcpEYY+chQe0i2IKnLw03AT8Q=="
    "resolved" "https://registry.npmjs.org/@neoconfetti/svelte/-/svelte-1.0.0.tgz"
    "version" "1.0.0"
  
  "@nodelib/fs.scandir@2.1.5":
    "integrity" "sha512-vq24Bq3ym5HEQm2NKCr3yXDwjc7vTsEThRDnkp2DK9p1uqLR+DHurm/NOTo0KG7HYHU7eppKZj3MyqYuMBf62g=="
    "resolved" "https://registry.npmjs.org/@nodelib/fs.scandir/-/fs.scandir-2.1.5.tgz"
    "version" "2.1.5"
    dependencies:
      "@nodelib/fs.stat" "2.0.5"
      "run-parallel" "^1.1.9"
  
  "@nodelib/fs.stat@^2.0.2", "@nodelib/fs.stat@2.0.5":
    "integrity" "sha512-RkhPPp2zrqDAQA/2jNhnztcPAlv64XdhIp7a7454A5ovI7Bukxgt7MX7udwAu3zg1DcpPU0rz3VV1SeaqvY4+A=="
    "resolved" "https://registry.npmjs.org/@nodelib/fs.stat/-/fs.stat-2.0.5.tgz"
    "version" "2.0.5"
  
  "@nodelib/fs.walk@^1.2.3":
    "integrity" "sha512-oGB+UxlgWcgQkgwo8GcEGwemoTFt3FIO9ababBmaGwXIoBKZ+GTy0pP185beGg7Llih/NSHSV2XAs1lnznocSg=="
    "resolved" "https://registry.npmjs.org/@nodelib/fs.walk/-/fs.walk-1.2.8.tgz"
    "version" "1.2.8"
    dependencies:
      "@nodelib/fs.scandir" "2.1.5"
      "fastq" "^1.6.0"
  
  "@polka/url@^1.0.0-next.20":
    "integrity" "sha512-a5Sab1C4/icpTZVzZc5Ghpz88yQtGOyNqYXcZgOssB2uuAr+wF/MvN6bgtW32q7HHrvBki+BsZ0OuNv6EV3K9g=="
    "resolved" "https://registry.npmjs.org/@polka/url/-/url-1.0.0-next.21.tgz"
    "version" "1.0.0-next.21"
  
  "@sveltejs/adapter-auto@^2.0.0":
    "integrity" "sha512-o2pZCfATFtA/Gw/BB0Xm7k4EYaekXxaPGER3xGSY3FvzFJGTlJlZjBseaXwYSM94lZ0HniOjTokN3cWaLX6fow=="
    "resolved" "https://registry.npmjs.org/@sveltejs/adapter-auto/-/adapter-auto-2.1.0.tgz"
    "version" "2.1.0"
    dependencies:
      "import-meta-resolve" "^3.0.0"
  
  "@sveltejs/adapter-static@^2.0.3":
    "integrity" "sha512-VUqTfXsxYGugCpMqQv1U0LIdbR3S5nBkMMDmpjGVJyM6Q2jHVMFtdWJCkeHMySc6mZxJ+0eZK3T7IgmUCDrcUQ=="
    "resolved" "https://registry.npmjs.org/@sveltejs/adapter-static/-/adapter-static-2.0.3.tgz"
    "version" "2.0.3"
  
  "@sveltejs/kit@^1.0.0", "@sveltejs/kit@^1.20.4", "@sveltejs/kit@^1.5.0":
    "integrity" "sha512-MuDM6afpSMnPFMtEsE1O+Qn6NVPNHDqsDYYZE/8/+Z3IvGmE+GKHC+za6fEmCfwXLqNlxFZiV8s8kKOeNVJP+g=="
    "resolved" "https://registry.npmjs.org/@sveltejs/kit/-/kit-1.23.0.tgz"
    "version" "1.23.0"
    dependencies:
      "@sveltejs/vite-plugin-svelte" "^2.4.1"
      "@types/cookie" "^0.5.1"
      "cookie" "^0.5.0"
      "devalue" "^4.3.1"
      "esm-env" "^1.0.0"
      "kleur" "^4.1.5"
      "magic-string" "^0.30.0"
      "mime" "^3.0.0"
      "sade" "^1.8.1"
      "set-cookie-parser" "^2.6.0"
      "sirv" "^2.0.2"
      "undici" "~5.23.0"
  
  "@sveltejs/vite-plugin-svelte-inspector@^1.0.3":
    "integrity" "sha512-zjiuZ3yydBtwpF3bj0kQNV0YXe+iKE545QGZVTaylW3eAzFr+pJ/cwK8lZEaRp4JtaJXhD5DyWAV4AxLh6DgaQ=="
    "resolved" "https://registry.npmjs.org/@sveltejs/vite-plugin-svelte-inspector/-/vite-plugin-svelte-inspector-1.0.4.tgz"
    "version" "1.0.4"
    dependencies:
      "debug" "^4.3.4"
  
  "@sveltejs/vite-plugin-svelte@^2.2.0", "@sveltejs/vite-plugin-svelte@^2.4.1":
    "integrity" "sha512-UJKsFNwhzCVuiZd06jM/psscyNJNDwjQC+qIeb7GBJK9iWeQCcIyfcPWDvbCudfcJggY9jtxJeeaZH7uny93FQ=="
    "resolved" "https://registry.npmjs.org/@sveltejs/vite-plugin-svelte/-/vite-plugin-svelte-2.4.5.tgz"
    "version" "2.4.5"
    dependencies:
      "@sveltejs/vite-plugin-svelte-inspector" "^1.0.3"
      "debug" "^4.3.4"
      "deepmerge" "^4.3.1"
      "kleur" "^4.1.5"
      "magic-string" "^0.30.2"
      "svelte-hmr" "^0.15.3"
      "vitefu" "^0.2.4"
  
  "@tsconfig/svelte@^5.0.2":
    "integrity" "sha512-BRbo1fOtyVbhfLyuCWw6wAWp+U8UQle+ZXu84MYYWzYSEB28dyfnRBIE99eoG+qdAC0po6L2ScIEivcT07UaMA=="
    "resolved" "https://registry.npmjs.org/@tsconfig/svelte/-/svelte-5.0.2.tgz"
    "version" "5.0.2"
  
  "@types/cookie@^0.5.1":
    "integrity" "sha512-COUnqfB2+ckwXXSFInsFdOAWQzCCx+a5hq2ruyj+Vjund94RJQd4LG2u9hnvJrTgunKAaax7ancBYlDrNYxA0g=="
    "resolved" "https://registry.npmjs.org/@types/cookie/-/cookie-0.5.1.tgz"
    "version" "0.5.1"
  
  "@types/estree@*", "@types/estree@^1.0.0", "@types/estree@^1.0.1":
    "integrity" "sha512-LG4opVs2ANWZ1TJoKc937iMmNstM/d0ae1vNbnBvBhqCSezgVUOzcLCqbI5elV8Vy6WKwKjaqR+zO9VKirBBCA=="
    "resolved" "https://registry.npmjs.org/@types/estree/-/estree-1.0.1.tgz"
    "version" "1.0.1"
  
  "@types/lodash@^4.14.197":
    "integrity" "sha512-BMVOiWs0uNxHVlHBgzTIqJYmj+PgCo4euloGF+5m4okL3rEYzM2EEv78mw8zWSMM57dM7kVIgJ2QDvwHSoCI5g=="
    "resolved" "https://registry.npmjs.org/@types/lodash/-/lodash-4.14.197.tgz"
    "version" "4.14.197"
  
  "@types/pug@^2.0.6":
    "integrity" "sha512-SnHmG9wN1UVmagJOnyo/qkk0Z7gejYxOYYmaAwr5u2yFYfsupN3sg10kyzN8Hep/2zbHxCnsumxOoRIRMBwKCg=="
    "resolved" "https://registry.npmjs.org/@types/pug/-/pug-2.0.6.tgz"
    "version" "2.0.6"
  
  "acorn@^8.10.0", "acorn@^8.9.0":
    "integrity" "sha512-F0SAmZ8iUtS//m8DmCTA0jlh6TDKkHQyK6xc6V4KDTyZKA9dnvX9/3sRTVQrWm79glUAZbnmmNcdYwUIHWVybw=="
    "resolved" "https://registry.npmjs.org/acorn/-/acorn-8.10.0.tgz"
    "version" "8.10.0"
  
  "any-promise@^1.0.0":
    "integrity" "sha512-7UvmKalWRt1wgjL1RrGxoSJW/0QZFIegpeGvZG9kjp8vrRu55XTHbwnqq2GpXm9uLbcuhxm3IqX9OB4MZR1b2A=="
    "resolved" "https://registry.npmjs.org/any-promise/-/any-promise-1.3.0.tgz"
    "version" "1.3.0"
  
  "anymatch@~3.1.2":
    "integrity" "sha512-KMReFUr0B4t+D+OBkjR3KYqvocp2XaSzO55UcB6mgQMd3KbcE+mWTyvVV7D/zsdEbNnV6acZUutkiHQXvTr1Rw=="
    "resolved" "https://registry.npmjs.org/anymatch/-/anymatch-3.1.3.tgz"
    "version" "3.1.3"
    dependencies:
      "normalize-path" "^3.0.0"
      "picomatch" "^2.0.4"
  
  "arg@^5.0.2":
    "integrity" "sha512-PYjyFOLKQ9y57JvQ6QLo8dAgNqswh8M1RMJYdQduT6xbWSgK36P/Z/v+p888pM69jMMfS8Xd8F6I1kQ/I9HUGg=="
    "resolved" "https://registry.npmjs.org/arg/-/arg-5.0.2.tgz"
    "version" "5.0.2"
  
  "aria-query@^5.3.0":
    "integrity" "sha512-b0P0sZPKtyu8HkeRAfCq0IfURZK+SuwMjY1UXGBU27wpAiTwQAIlq56IbIO+ytk/JjS1fMR14ee5WBBfKi5J6A=="
    "resolved" "https://registry.npmjs.org/aria-query/-/aria-query-5.3.0.tgz"
    "version" "5.3.0"
    dependencies:
      "dequal" "^2.0.3"
  
  "autoprefixer@^10.4.15":
    "integrity" "sha512-KCuPB8ZCIqFdA4HwKXsvz7j6gvSDNhDP7WnUjBleRkKjPdvCmHFuQ77ocavI8FT6NdvlBnE2UFr2H4Mycn8Vew=="
    "resolved" "https://registry.npmjs.org/autoprefixer/-/autoprefixer-10.4.15.tgz"
    "version" "10.4.15"
    dependencies:
      "browserslist" "^4.21.10"
      "caniuse-lite" "^1.0.30001520"
      "fraction.js" "^4.2.0"
      "normalize-range" "^0.1.2"
      "picocolors" "^1.0.0"
      "postcss-value-parser" "^4.2.0"
  
  "axobject-query@^3.2.1":
    "integrity" "sha512-jsyHu61e6N4Vbz/v18DHwWYKK0bSWLqn47eeDSKPB7m8tqMHF9YJ+mhIk2lVteyZrY8tnSj/jHOv4YiTCuCJgg=="
    "resolved" "https://registry.npmjs.org/axobject-query/-/axobject-query-3.2.1.tgz"
    "version" "3.2.1"
    dependencies:
      "dequal" "^2.0.3"
  
  "balanced-match@^1.0.0":
    "integrity" "sha512-3oSeUO0TMV67hN1AmbXsK4yaqU7tjiHlbxRDZOpH0KW9+CeX4bRAaX0Anxt0tx2MrpRpWwQaPwIlISEJhYU5Pw=="
    "resolved" "https://registry.npmjs.org/balanced-match/-/balanced-match-1.0.2.tgz"
    "version" "1.0.2"
  
  "binary-extensions@^2.0.0":
    "integrity" "sha512-jDctJ/IVQbZoJykoeHbhXpOlNBqGNcwXJKJog42E5HDPUwQTSdjCHdihjj0DlnheQ7blbT6dHOafNAiS8ooQKA=="
    "resolved" "https://registry.npmjs.org/binary-extensions/-/binary-extensions-2.2.0.tgz"
    "version" "2.2.0"
  
  "bpmn-js@^13.2.2":
    "integrity" "sha512-zH8uyfizZxEq2w1Z+AzDUuKkRyBml4KbnKLQH4XtgbQajhnMeyT6k9bcqag/dQL9s1CplCTv8N7EZFGvfMMsTA=="
    "resolved" "https://registry.npmjs.org/bpmn-js/-/bpmn-js-13.2.2.tgz"
    "version" "13.2.2"
    dependencies:
      "bpmn-moddle" "^8.0.0"
      "diagram-js" "^12.2.0"
      "diagram-js-direct-editing" "^2.0.0"
      "ids" "^1.0.0"
      "inherits-browser" "^0.1.0"
      "min-dash" "^4.0.0"
      "min-dom" "^4.0.3"
      "object-refs" "^0.3.0"
      "tiny-svg" "^3.0.0"
  
  "bpmn-moddle@^8.0.0":
    "integrity" "sha512-mwZcrWhi52+JH5Oq58WwKYcUxQ1ZMiDQuzt1bpqiqEEFFnQLqCgtLwEXQuDXFmAuQPdMAghyPzqdOZQqIQVesw=="
    "resolved" "https://registry.npmjs.org/bpmn-moddle/-/bpmn-moddle-8.0.1.tgz"
    "version" "8.0.1"
    dependencies:
      "min-dash" "^4.0.0"
      "moddle" "^6.0.0"
      "moddle-xml" "^10.0.0"
  
  "brace-expansion@^1.1.7":
    "integrity" "sha512-iCuPHDFgrHX7H2vEI/5xpz07zSHB00TpugqhmYtVmMO6518mCuRMoOYFldEBl0g187ufozdaHgWKcYFb61qGiA=="
    "resolved" "https://registry.npmjs.org/brace-expansion/-/brace-expansion-1.1.11.tgz"
    "version" "1.1.11"
    dependencies:
      "balanced-match" "^1.0.0"
      "concat-map" "0.0.1"
  
  "braces@^3.0.2", "braces@~3.0.2":
    "integrity" "sha512-b8um+L1RzM3WDSzvhm6gIz1yfTbBt6YTlcEKAvsmqCZZFw46z626lVj9j1yEPW33H5H+lBQpZMP1k8l+78Ha0A=="
    "resolved" "https://registry.npmjs.org/braces/-/braces-3.0.2.tgz"
    "version" "3.0.2"
    dependencies:
      "fill-range" "^7.0.1"
  
  "browserslist@^4.21.10", "browserslist@>= 4.21.0":
    "integrity" "sha512-bipEBdZfVH5/pwrvqc+Ub0kUPVfGUhlKxbvfD+z1BDnPEO/X98ruXGA1WP5ASpAFKan7Qr6j736IacbZQuAlKQ=="
    "resolved" "https://registry.npmjs.org/browserslist/-/browserslist-4.21.10.tgz"
    "version" "4.21.10"
    dependencies:
      "caniuse-lite" "^1.0.30001517"
      "electron-to-chromium" "^1.4.477"
      "node-releases" "^2.0.13"
      "update-browserslist-db" "^1.0.11"
  
  "buffer-crc32@^0.2.5":
    "integrity" "sha512-VO9Ht/+p3SN7SKWqcrgEzjGbRSJYTx+Q1pTQC0wrWqHx0vpJraQ6GtHx8tvcg1rlK1byhU5gccxgOgj7B0TDkQ=="
    "resolved" "https://registry.npmjs.org/buffer-crc32/-/buffer-crc32-0.2.13.tgz"
    "version" "0.2.13"
  
  "busboy@^1.6.0":
    "integrity" "sha512-8SFQbg/0hQ9xy3UNTB0YEnsNBbWfhf7RtnzpL7TkBiTBRfrQ9Fxcnz7VJsleJpyp6rVLvXiuORqjlHi5q+PYuA=="
    "resolved" "https://registry.npmjs.org/busboy/-/busboy-1.6.0.tgz"
    "version" "1.6.0"
    dependencies:
      "streamsearch" "^1.1.0"
  
  "call-bind@^1.0.2":
    "integrity" "sha512-7O+FbCihrB5WGbFYesctwmTKae6rOiIzmz1icreWJ+0aA7LJfuqhEso2T9ncpcFtzMQtzXf2QGGueWJGTYsqrA=="
    "resolved" "https://registry.npmjs.org/call-bind/-/call-bind-1.0.2.tgz"
    "version" "1.0.2"
    dependencies:
      "function-bind" "^1.1.1"
      "get-intrinsic" "^1.0.2"
  
  "callsites@^3.0.0":
    "integrity" "sha512-P8BjAsXvZS+VIDUI11hHCQEv74YT67YUi5JJFNWIqL235sBmjX4+qx9Muvls5ivyNENctx46xQLQ3aTuE7ssaQ=="
    "resolved" "https://registry.npmjs.org/callsites/-/callsites-3.1.0.tgz"
    "version" "3.1.0"
  
  "camelcase-css@^2.0.1":
    "integrity" "sha512-QOSvevhslijgYwRx6Rv7zKdMF8lbRmx+uQGx2+vDc+KI/eBnsy9kit5aj23AgGu3pa4t9AgwbnXWqS+iOY+2aA=="
    "resolved" "https://registry.npmjs.org/camelcase-css/-/camelcase-css-2.0.1.tgz"
    "version" "2.0.1"
  
  "caniuse-lite@^1.0.30001517", "caniuse-lite@^1.0.30001520":
    "integrity" "sha512-I5q5cisATTPZ1mc588Z//pj/Ox80ERYDfR71YnvY7raS/NOk8xXlZcB0sF7JdqaV//kOaa6aus7lRfpdnt1eBA=="
    "resolved" "https://registry.npmjs.org/caniuse-lite/-/caniuse-lite-1.0.30001523.tgz"
    "version" "1.0.30001523"
  
  "chokidar@^3.4.1", "chokidar@^3.5.3", "chokidar@>=3.0.0 <4.0.0":
    "integrity" "sha512-Dr3sfKRP6oTcjf2JmUmFJfeVMvXBdegxB0iVQ5eb2V10uFJUCAS8OByZdVAyVb8xXNz3GjjTgj9kLWsZTqE6kw=="
    "resolved" "https://registry.npmjs.org/chokidar/-/chokidar-3.5.3.tgz"
    "version" "3.5.3"
    dependencies:
      "anymatch" "~3.1.2"
      "braces" "~3.0.2"
      "glob-parent" "~5.1.2"
      "is-binary-path" "~2.1.0"
      "is-glob" "~4.0.1"
      "normalize-path" "~3.0.0"
      "readdirp" "~3.6.0"
    optionalDependencies:
      "fsevents" "~2.3.2"
  
  "clone@^2.1.1":
    "integrity" "sha512-3Pe/CF1Nn94hyhIYpjtiLhdCoEoz0DqQ+988E9gmeEdQZlojxnOb74wctFyuwWQHzqyf9X7C7MG8juUpqBJT8w=="
    "resolved" "https://registry.npmjs.org/clone/-/clone-2.1.2.tgz"
    "version" "2.1.2"
  
  "clsx@^2.0.0":
    "integrity" "sha512-rQ1+kcj+ttHG0MKVGBUXwayCCF1oh39BF5COIpRzuCEv8Mwjv0XucrI2ExNTOn9IlLifGClWQcU9BrZORvtw6Q=="
    "resolved" "https://registry.npmjs.org/clsx/-/clsx-2.0.0.tgz"
    "version" "2.0.0"
  
  "code-red@^1.0.3":
    "integrity" "sha512-7qJWqItLA8/VPVlKJlFXU+NBlo/qyfs39aJcuMT/2ere32ZqvF5OSxgdM5xOfJJ7O429gg2HM47y8v9P+9wrNw=="
    "resolved" "https://registry.npmjs.org/code-red/-/code-red-1.0.4.tgz"
    "version" "1.0.4"
    dependencies:
      "@jridgewell/sourcemap-codec" "^1.4.15"
      "@types/estree" "^1.0.1"
      "acorn" "^8.10.0"
      "estree-walker" "^3.0.3"
      "periscopic" "^3.1.0"
  
  "colord@^2.9":
    "integrity" "sha512-jeC1axXpnb0/2nn/Y1LPuLdgXBLH7aDcHu4KEKfqw3CUhX7ZpfBSlPKyqXE6btIgEzfWtrX3/tyBCaCvXvMkOw=="
    "resolved" "https://registry.npmjs.org/colord/-/colord-2.9.3.tgz"
    "version" "2.9.3"
  
  "commander@^4.0.0":
    "integrity" "sha512-NOKm8xhkzAjzFx8B2v5OAHT+u5pRQc2UCa2Vq9jYL/31o2wi9mxBA7LIFs3sV5VSC49z6pEhfbMULvShKj26WA=="
    "resolved" "https://registry.npmjs.org/commander/-/commander-4.1.1.tgz"
    "version" "4.1.1"
  
  "component-event@^0.2.1":
    "integrity" "sha512-wGA++isMqiDq1jPYeyv2as/Bt/u+3iLW0rEa+8NQ82jAv3TgqMiCM+B2SaBdn2DfLilLjjq736YcezihRYhfxw=="
    "resolved" "https://registry.npmjs.org/component-event/-/component-event-0.2.1.tgz"
    "version" "0.2.1"
  
  "concat-map@0.0.1":
    "integrity" "sha512-/Srv4dswyQNBfohGpz9o6Yb3Gz3SrUDqBH5rTuhGR7ahtlbYKnVxw2bCFMRljaA7EXHaXZ8wsHdodFvbkhKmqg=="
    "resolved" "https://registry.npmjs.org/concat-map/-/concat-map-0.0.1.tgz"
    "version" "0.0.1"
  
  "cookie@^0.5.0":
    "integrity" "sha512-YZ3GUyn/o8gfKJlnlX7g7xq4gyO6OSuhGPKaaGssGB2qgDUS0gPgtTvoyZLTt9Ab6dC4hfc9dV5arkvc/OCmrw=="
    "resolved" "https://registry.npmjs.org/cookie/-/cookie-0.5.0.tgz"
    "version" "0.5.0"
  
  "css-selector-tokenizer@^0.8":
    "integrity" "sha512-Jd6Ig3/pe62/qe5SBPTN8h8LeUg/pT4lLgtavPf7updwwHpvFzxvOQBHYj2LZDMjUnBzgvIUSjRcf6oT5HzHFg=="
    "resolved" "https://registry.npmjs.org/css-selector-tokenizer/-/css-selector-tokenizer-0.8.0.tgz"
    "version" "0.8.0"
    dependencies:
      "cssesc" "^3.0.0"
      "fastparse" "^1.1.2"
  
  "css-tree@^2.3.1":
    "integrity" "sha512-6Fv1DV/TYw//QF5IzQdqsNDjx/wc8TrMBZsqjL9eW01tWb7R7k/mq+/VXfJCl7SoD5emsJop9cOByJZfs8hYIw=="
    "resolved" "https://registry.npmjs.org/css-tree/-/css-tree-2.3.1.tgz"
    "version" "2.3.1"
    dependencies:
      "mdn-data" "2.0.30"
      "source-map-js" "^1.0.1"
  
  "cssesc@^3.0.0":
    "integrity" "sha512-/Tb/JcjK111nNScGob5MNtsntNM1aCNUDipB/TkwZFhyDrrE47SOx/18wF2bbjgc3ZzCSKW1T5nt5EbFoAz/Vg=="
    "resolved" "https://registry.npmjs.org/cssesc/-/cssesc-3.0.0.tgz"
    "version" "3.0.0"
  
  "daisyui@^3.6.1":
    "integrity" "sha512-VNWogAjx37H8kNYd2E/+r1OXc6dOvJTKlKltqIKAlNMFVfx2BIKPcmnVxaHQLfj2vhv1mYDBjgWj+1enQ+4yZA=="
    "resolved" "https://registry.npmjs.org/daisyui/-/daisyui-3.6.3.tgz"
    "version" "3.6.3"
    dependencies:
      "colord" "^2.9"
      "css-selector-tokenizer" "^0.8"
      "postcss" "^8"
      "postcss-js" "^4"
      "tailwindcss" "^3"
  
  "debug@^4.3.4":
    "integrity" "sha512-PRWFHuSU3eDtQJPvnNY7Jcket1j0t5OuOsFzPPzsekD52Zl8qUfFIPEiswXqIvHWGVHOgX+7G/vCNNhehwxfkQ=="
    "resolved" "https://registry.npmjs.org/debug/-/debug-4.3.4.tgz"
    "version" "4.3.4"
    dependencies:
      "ms" "2.1.2"
  
  "deep-equal@^1.0.1":
    "integrity" "sha512-yd9c5AdiqVcR+JjcwUQb9DkhJc8ngNr0MahEBGvDiJw8puWab2yZlh+nkasOnZP+EGTAP6rRp2JzJhJZzvNF8g=="
    "resolved" "https://registry.npmjs.org/deep-equal/-/deep-equal-1.1.1.tgz"
    "version" "1.1.1"
    dependencies:
      "is-arguments" "^1.0.4"
      "is-date-object" "^1.0.1"
      "is-regex" "^1.0.4"
      "object-is" "^1.0.1"
      "object-keys" "^1.1.1"
      "regexp.prototype.flags" "^1.2.0"
  
  "deepmerge@^4.3.1":
    "integrity" "sha512-3sUqbMEc77XqpdNO7FRyRog+eW3ph+GYCbj+rK+uYyRMuwsVy0rMiVtPn+QJlKFvWP/1PYpapqYn0Me2knFn+A=="
    "resolved" "https://registry.npmjs.org/deepmerge/-/deepmerge-4.3.1.tgz"
    "version" "4.3.1"
  
  "define-properties@^1.1.3", "define-properties@^1.2.0":
    "integrity" "sha512-xvqAVKGfT1+UAvPwKTVw/njhdQ8ZhXK4lI0bCIuCMrp2up9nPnaDftrLtmpTazqd1o+UY4zgzU+avtMbDP+ldA=="
    "resolved" "https://registry.npmjs.org/define-properties/-/define-properties-1.2.0.tgz"
    "version" "1.2.0"
    dependencies:
      "has-property-descriptors" "^1.0.0"
      "object-keys" "^1.1.1"
  
  "dequal@^2.0.3":
    "integrity" "sha512-0je+qPKHEMohvfRTCEo3CrPG6cAzAYgmzKyxRiYSSDkS6eGJdyVJm7WaYA5ECaAD9wLB2T4EEeymA5aFVcYXCA=="
    "resolved" "https://registry.npmjs.org/dequal/-/dequal-2.0.3.tgz"
    "version" "2.0.3"
  
  "detect-indent@^6.1.0":
    "integrity" "sha512-reYkTUJAZb9gUuZ2RvVCNhVHdg62RHnJ7WJl8ftMi4diZ6NWlciOzQN88pUhSELEwflJht4oQDv0F0BMlwaYtA=="
    "resolved" "https://registry.npmjs.org/detect-indent/-/detect-indent-6.1.0.tgz"
    "version" "6.1.0"
  
  "devalue@^4.3.1":
    "integrity" "sha512-KqFl6pOgOW+Y6wJgu80rHpo2/3H07vr8ntR9rkkFIRETewbf5GaYYcakYfiKz89K+sLsuPkQIZaXDMjUObZwWg=="
    "resolved" "https://registry.npmjs.org/devalue/-/devalue-4.3.2.tgz"
    "version" "4.3.2"
  
  "diagram-js-direct-editing@^2.0.0":
    "integrity" "sha512-/12OWL0B0RMCfaT1w3723c729MD42r5fay4wtm2DvxNFNBMdPaEvOHCTA/khLKjFzOzMVKxSzbAp7IEwBGonVw=="
    "resolved" "https://registry.npmjs.org/diagram-js-direct-editing/-/diagram-js-direct-editing-2.0.0.tgz"
    "version" "2.0.0"
    dependencies:
      "min-dash" "^4.0.0"
      "min-dom" "^4.0.2"
  
  "diagram-js-grid@^0.2.0":
    "integrity" "sha512-swjChZisph3jzsZDpt0qf5kixKGThOLCgyZg2sNqD3EuUpZLF4ey+vvOTX0BbmzLYYgkm+tU2Bra30VtwDw3VQ=="
    "resolved" "https://registry.npmjs.org/diagram-js-grid/-/diagram-js-grid-0.2.0.tgz"
    "version" "0.2.0"
    dependencies:
      "min-dash" "^4.0.0"
      "tiny-svg" "^3.0.0"
  
  "diagram-js@*", "diagram-js@^12.2.0":
    "integrity" "sha512-sE9MieoQiifVGPPztVjdDYdU1oJEztN1gG0RksCBNYH0rOTpEnAw4hmRdBqrDsdJen08EmFGfcoTbeZ9W2NCqA=="
    "resolved" "https://registry.npmjs.org/diagram-js/-/diagram-js-12.3.0.tgz"
    "version" "12.3.0"
    dependencies:
      "@bpmn-io/diagram-js-ui" "^0.2.2"
      "clsx" "^2.0.0"
      "didi" "^9.0.2"
      "hammerjs" "^2.0.1"
      "inherits-browser" "^0.1.0"
      "min-dash" "^4.1.0"
      "min-dom" "^4.1.0"
      "object-refs" "^0.3.0"
      "path-intersection" "^2.2.1"
      "tiny-svg" "^3.0.1"
  
  "didi@^9.0.2":
    "integrity" "sha512-q2+aj+lnJcUweV7A9pdUrwFr4LHVmRPwTmQLtHPFz4aT7IBoryN6Iy+jmFku+oIzr5ebBkvtBCOb87+dJhb7bg=="
    "resolved" "https://registry.npmjs.org/didi/-/didi-9.0.2.tgz"
    "version" "9.0.2"
  
  "didyoumean@^1.2.2":
    "integrity" "sha512-gxtyfqMg7GKyhQmb056K7M3xszy/myH8w+B4RT+QXBQsvAOdc3XymqDDPHx1BgPgsdAA5SIifona89YtRATDzw=="
    "resolved" "https://registry.npmjs.org/didyoumean/-/didyoumean-1.2.2.tgz"
    "version" "1.2.2"
  
  "dlv@^1.1.3":
    "integrity" "sha512-+HlytyjlPKnIG8XuRG8WvmBP8xs8P71y+SKKS6ZXWoEgLuePxtDoUEiH7WkdePWrQ5JBpE6aoVqfZfJUQkjXwA=="
    "resolved" "https://registry.npmjs.org/dlv/-/dlv-1.1.3.tgz"
    "version" "1.1.3"
  
  "domify@^1.4.1":
    "integrity" "sha512-x18nuiDHMCZGXr4KJSRMf/TWYtiaRo6RX8KN9fEbW54mvbQ6pieUuerC2ahBg+kEp1wycFj8MPUI0WkIOw5E9w=="
    "resolved" "https://registry.npmjs.org/domify/-/domify-1.4.1.tgz"
    "version" "1.4.1"
  
  "dot-case@^3.0.4":
    "integrity" "sha512-Kv5nKlh6yRrdrGvxeJ2e5y2eRUpkUosIW4A2AS38zwSz27zu7ufDwQPi5Jhs3XAlGNetl3bmnGhQsMtkKJnj3w=="
    "resolved" "https://registry.npmjs.org/dot-case/-/dot-case-3.0.4.tgz"
    "version" "3.0.4"
    dependencies:
      "no-case" "^3.0.4"
      "tslib" "^2.0.3"
  
  "electron-to-chromium@^1.4.477":
    "integrity" "sha512-LF2IQit4B0VrUHFeQkWhZm97KuJSGF2WJqq1InpY+ECpFRkXd8yTIaTtJxsO0OKDmiBYwWqcrNaXOurn2T2wiA=="
    "resolved" "https://registry.npmjs.org/electron-to-chromium/-/electron-to-chromium-1.4.503.tgz"
    "version" "1.4.503"
  
  "es6-promise@^3.1.2":
    "integrity" "sha512-SOp9Phqvqn7jtEUxPWdWfWoLmyt2VaJ6MpvP9Comy1MceMXqE6bxvaTu4iaxpYYPzhny28Lc+M87/c2cPK6lDg=="
    "resolved" "https://registry.npmjs.org/es6-promise/-/es6-promise-3.3.1.tgz"
    "version" "3.3.1"
  
  "esbuild@^0.18.10":
    "integrity" "sha512-ceqxoedUrcayh7Y7ZX6NdbbDzGROiyVBgC4PriJThBKSVPWnnFHZAkfI1lJT8QFkOwH4qOS2SJkS4wvpGl8BpA=="
    "resolved" "https://registry.npmjs.org/esbuild/-/esbuild-0.18.20.tgz"
    "version" "0.18.20"
    optionalDependencies:
      "@esbuild/android-arm" "0.18.20"
      "@esbuild/android-arm64" "0.18.20"
      "@esbuild/android-x64" "0.18.20"
      "@esbuild/darwin-arm64" "0.18.20"
      "@esbuild/darwin-x64" "0.18.20"
      "@esbuild/freebsd-arm64" "0.18.20"
      "@esbuild/freebsd-x64" "0.18.20"
      "@esbuild/linux-arm" "0.18.20"
      "@esbuild/linux-arm64" "0.18.20"
      "@esbuild/linux-ia32" "0.18.20"
      "@esbuild/linux-loong64" "0.18.20"
      "@esbuild/linux-mips64el" "0.18.20"
      "@esbuild/linux-ppc64" "0.18.20"
      "@esbuild/linux-riscv64" "0.18.20"
      "@esbuild/linux-s390x" "0.18.20"
      "@esbuild/linux-x64" "0.18.20"
      "@esbuild/netbsd-x64" "0.18.20"
      "@esbuild/openbsd-x64" "0.18.20"
      "@esbuild/sunos-x64" "0.18.20"
      "@esbuild/win32-arm64" "0.18.20"
      "@esbuild/win32-ia32" "0.18.20"
      "@esbuild/win32-x64" "0.18.20"
  
  "escalade@^3.1.1":
    "integrity" "sha512-k0er2gUkLf8O0zKJiAhmkTnJlTvINGv7ygDNPbeIsX/TJjGJZHuh9B2UxbsaEkmlEo9MfhrSzmhIlhRlI2GXnw=="
    "resolved" "https://registry.npmjs.org/escalade/-/escalade-3.1.1.tgz"
    "version" "3.1.1"
  
  "esm-env@^1.0.0":
    "integrity" "sha512-Cf6VksWPsTuW01vU9Mk/3vRue91Zevka5SjyNf3nEpokFRuqt/KjUQoGAwq9qMmhpLTHmXzSIrFRw8zxWzmFBA=="
    "resolved" "https://registry.npmjs.org/esm-env/-/esm-env-1.0.0.tgz"
    "version" "1.0.0"
  
  "estree-walker@^3.0.0", "estree-walker@^3.0.3":
    "integrity" "sha512-7RUKfXgSMMkzt6ZuXmqapOurLGPPfgj6l9uRZ7lRGolvk0y2yocc35LdcxKC5PQZdn2DMqioAQ2NoWcrTKmm6g=="
    "resolved" "https://registry.npmjs.org/estree-walker/-/estree-walker-3.0.3.tgz"
    "version" "3.0.3"
    dependencies:
      "@types/estree" "^1.0.0"
  
  "eventemitter3@^2.0.3":
    "integrity" "sha512-jLN68Dx5kyFHaePoXWPsCGW5qdyZQtLYHkxkg02/Mz6g0kYpDx4FyP6XfArhQdlOC4b8Mv+EMxPo/8La7Tzghg=="
    "resolved" "https://registry.npmjs.org/eventemitter3/-/eventemitter3-2.0.3.tgz"
    "version" "2.0.3"
  
  "extend@^3.0.2":
    "integrity" "sha512-fjquC59cD7CyW6urNXK0FBufkZcoiGG80wTuPujX590cB5Ttln20E2UB4S/WARVqhXffZl2LNgS+gQdPIIim/g=="
    "resolved" "https://registry.npmjs.org/extend/-/extend-3.0.2.tgz"
    "version" "3.0.2"
  
  "fast-diff@1.1.2":
    "integrity" "sha512-KaJUt+M9t1qaIteSvjc6P3RbMdXsNhK61GRftR6SNxqmhthcd9MGIi4T+o0jD8LUSpSnSKXE20nLtJ3fOHxQig=="
    "resolved" "https://registry.npmjs.org/fast-diff/-/fast-diff-1.1.2.tgz"
    "version" "1.1.2"
  
  "fast-glob@^3.2.12", "fast-glob@^3.2.7":
    "integrity" "sha512-kNFPyjhh5cKjrUltxs+wFx+ZkbRaxxmZ+X0ZU31SOsxCEtP9VPgtq2teZw1DebupL5GmDaNQ6yKMMVcM41iqDg=="
    "resolved" "https://registry.npmjs.org/fast-glob/-/fast-glob-3.3.1.tgz"
    "version" "3.3.1"
    dependencies:
      "@nodelib/fs.stat" "^2.0.2"
      "@nodelib/fs.walk" "^1.2.3"
      "glob-parent" "^5.1.2"
      "merge2" "^1.3.0"
      "micromatch" "^4.0.4"
  
  "fastparse@^1.1.2":
    "integrity" "sha512-483XLLxTVIwWK3QTrMGRqUfUpoOs/0hbQrl2oz4J0pAcm3A3bu84wxTFqGqkJzewCLdME38xJLJAxBABfQT8sQ=="
    "resolved" "https://registry.npmjs.org/fastparse/-/fastparse-1.1.2.tgz"
    "version" "1.1.2"
  
  "fastq@^1.6.0":
    "integrity" "sha512-wBrocU2LCXXa+lWBt8RoIRD89Fi8OdABODa/kEnyeyjS5aZO5/GNvI5sEINADqP/h8M29UHTHUb53sUu5Ihqdw=="
    "resolved" "https://registry.npmjs.org/fastq/-/fastq-1.15.0.tgz"
    "version" "1.15.0"
    dependencies:
      "reusify" "^1.0.4"
  
  "fill-range@^7.0.1":
    "integrity" "sha512-qOo9F+dMUmC2Lcb4BbVvnKJxTPjCm+RRpe4gDuGrzkL7mEVl/djYSu2OdQ2Pa302N4oqkSg9ir6jaLWJ2USVpQ=="
    "resolved" "https://registry.npmjs.org/fill-range/-/fill-range-7.0.1.tgz"
    "version" "7.0.1"
    dependencies:
      "to-regex-range" "^5.0.1"
  
  "focus-trap@^7.4.3":
    "integrity" "sha512-p6vGNNWLDGwJCiEjkSK6oERj/hEyI9ITsSwIUICBoKLlWiTWXJRfQibCwcoi50rTZdbi87qDtUlMCmQwsGSgPw=="
    "resolved" "https://registry.npmjs.org/focus-trap/-/focus-trap-7.5.2.tgz"
    "version" "7.5.2"
    dependencies:
      "tabbable" "^6.2.0"
  
  "fraction.js@^4.2.0":
    "integrity" "sha512-/KxoyCnPM0GwYI4NN0Iag38Tqt+od3/mLuguepLgCAKPn0ZhC544nssAW0tG2/00zXEYl9W+7hwAIpLHo6Oc7Q=="
    "resolved" "https://registry.npmjs.org/fraction.js/-/fraction.js-4.2.1.tgz"
    "version" "4.2.1"
  
  "fs.realpath@^1.0.0":
    "integrity" "sha512-OO0pH2lK6a0hZnAdau5ItzHPI6pUlvI7jMVnxUQRtw4owF2wk8lOSabtGDCTP4Ggrg2MbGnWO9X8K1t4+fGMDw=="
    "resolved" "https://registry.npmjs.org/fs.realpath/-/fs.realpath-1.0.0.tgz"
    "version" "1.0.0"
  
  "function-bind@^1.1.1":
    "integrity" "sha512-yIovAzMX49sF8Yl58fSCWJ5svSLuaibPxXQJFLmBObTuCr0Mf1KiPopGM9NiFjiYBCbfaa2Fh6breQ6ANVTI0A=="
    "resolved" "https://registry.npmjs.org/function-bind/-/function-bind-1.1.1.tgz"
    "version" "1.1.1"
  
  "functions-have-names@^1.2.3":
    "integrity" "sha512-xckBUXyTIqT97tq2x2AMb+g163b5JFysYk0x4qxNFwbfQkmNZoiRHb6sPzI9/QV33WeuvVYBUIiD4NzNIyqaRQ=="
    "resolved" "https://registry.npmjs.org/functions-have-names/-/functions-have-names-1.2.3.tgz"
    "version" "1.2.3"
  
  "fuzzy@^0.1.3":
    "integrity" "sha512-/gZffu4ykarLrCiP3Ygsa86UAo1E5vEVlvTrpkKywXSbP9Xhln3oSp9QSV57gEq3JFFpGJ4GZ+5zdEp3FcUh4w=="
    "resolved" "https://registry.npmjs.org/fuzzy/-/fuzzy-0.1.3.tgz"
    "version" "0.1.3"
  
  "get-intrinsic@^1.0.2", "get-intrinsic@^1.1.1":
    "integrity" "sha512-2DcsyfABl+gVHEfCOaTrWgyt+tb6MSEGmKq+kI5HwLbIYgjgmMcV8KQ41uaKz1xxUcn9tJtgFbQUEVcEbd0FYw=="
    "resolved" "https://registry.npmjs.org/get-intrinsic/-/get-intrinsic-1.2.1.tgz"
    "version" "1.2.1"
    dependencies:
      "function-bind" "^1.1.1"
      "has" "^1.0.3"
      "has-proto" "^1.0.1"
      "has-symbols" "^1.0.3"
  
  "glob-parent@^5.1.2", "glob-parent@~5.1.2":
    "integrity" "sha512-AOIgSQCepiJYwP3ARnGx+5VnTu2HBYdzbGP45eLw1vr3zB3vZLeyed1sC9hnbcOc9/SrMyM5RPQrkGz4aS9Zow=="
    "resolved" "https://registry.npmjs.org/glob-parent/-/glob-parent-5.1.2.tgz"
    "version" "5.1.2"
    dependencies:
      "is-glob" "^4.0.1"
  
  "glob-parent@^6.0.2":
    "integrity" "sha512-XxwI8EOhVQgWp6iDL+3b0r86f4d6AX6zSU55HfB4ydCEuXLXc5FcYeOu+nnGftS4TEju/11rt4KJPTMgbfmv4A=="
    "resolved" "https://registry.npmjs.org/glob-parent/-/glob-parent-6.0.2.tgz"
    "version" "6.0.2"
    dependencies:
      "is-glob" "^4.0.3"
  
  "glob@^7.1.3":
    "integrity" "sha512-nFR0zLpU2YCaRxwoCJvL6UvCH2JFyFVIvwTLsIf21AuHlMskA1hhTdk+LlYJtOlYt9v6dvszD2BGRqBL+iQK9Q=="
    "resolved" "https://registry.npmjs.org/glob/-/glob-7.2.3.tgz"
    "version" "7.2.3"
    dependencies:
      "fs.realpath" "^1.0.0"
      "inflight" "^1.0.4"
      "inherits" "2"
      "minimatch" "^3.1.1"
      "once" "^1.3.0"
      "path-is-absolute" "^1.0.0"
  
  "glob@7.1.6":
    "integrity" "sha512-LwaxwyZ72Lk7vZINtNNrywX0ZuLyStrdDtabefZKAY5ZGJhVtgdznluResxNmPitE0SAO+O26sWTHeKSI2wMBA=="
    "resolved" "https://registry.npmjs.org/glob/-/glob-7.1.6.tgz"
    "version" "7.1.6"
    dependencies:
      "fs.realpath" "^1.0.0"
      "inflight" "^1.0.4"
      "inherits" "2"
      "minimatch" "^3.0.4"
      "once" "^1.3.0"
      "path-is-absolute" "^1.0.0"
  
  "graceful-fs@^4.1.3":
    "integrity" "sha512-RbJ5/jmFcNNCcDV5o9eTnBLJ/HszWV0P73bc+Ff4nS/rJj+YaS6IGyiOL0VoBYX+l1Wrl3k63h/KrH+nhJ0XvQ=="
    "resolved" "https://registry.npmjs.org/graceful-fs/-/graceful-fs-4.2.11.tgz"
    "version" "4.2.11"
  
  "hammerjs@^2.0.1":
    "integrity" "sha512-tSQXBXS/MWQOn/RKckawJ61vvsDpCom87JgxiYdGwHdOa0ht0vzUWDlfioofFCRU0L+6NGDt6XzbgoJvZkMeRQ=="
    "resolved" "https://registry.npmjs.org/hammerjs/-/hammerjs-2.0.8.tgz"
    "version" "2.0.8"
  
  "has-property-descriptors@^1.0.0":
    "integrity" "sha512-62DVLZGoiEBDHQyqG4w9xCuZ7eJEwNmJRWw2VY84Oedb7WFcA27fiEVe8oUQx9hAUJ4ekurquucTGwsyO1XGdQ=="
    "resolved" "https://registry.npmjs.org/has-property-descriptors/-/has-property-descriptors-1.0.0.tgz"
    "version" "1.0.0"
    dependencies:
      "get-intrinsic" "^1.1.1"
  
  "has-proto@^1.0.1":
    "integrity" "sha512-7qE+iP+O+bgF9clE5+UoBFzE65mlBiVj3tKCrlNQ0Ogwm0BjpT/gK4SlLYDMybDh5I3TCTKnPPa0oMG7JDYrhg=="
    "resolved" "https://registry.npmjs.org/has-proto/-/has-proto-1.0.1.tgz"
    "version" "1.0.1"
  
  "has-symbols@^1.0.2", "has-symbols@^1.0.3":
    "integrity" "sha512-l3LCuF6MgDNwTDKkdYGEihYjt5pRPbEg46rtlmnSPlUbgmB8LOIrKJbYYFBSbnPaJexMKtiPO8hmeRjRz2Td+A=="
    "resolved" "https://registry.npmjs.org/has-symbols/-/has-symbols-1.0.3.tgz"
    "version" "1.0.3"
  
  "has-tostringtag@^1.0.0":
    "integrity" "sha512-kFjcSNhnlGV1kyoGk7OXKSawH5JOb/LzUc5w9B02hOTO0dfFRjbHQKvg1d6cf3HbeUmtU9VbbV3qzZ2Teh97WQ=="
    "resolved" "https://registry.npmjs.org/has-tostringtag/-/has-tostringtag-1.0.0.tgz"
    "version" "1.0.0"
    dependencies:
      "has-symbols" "^1.0.2"
  
  "has@^1.0.3":
    "integrity" "sha512-f2dvO0VU6Oej7RkWJGrehjbzMAjFp5/VKPp5tTpWIV4JHHZK1/BxbFRtf/siA2SWTe09caDmVtYYzWEIbBS4zw=="
    "resolved" "https://registry.npmjs.org/has/-/has-1.0.3.tgz"
    "version" "1.0.3"
    dependencies:
      "function-bind" "^1.1.1"
  
  "htm@^3.1.1":
    "integrity" "sha512-983Vyg8NwUE7JkZ6NmOqpCZ+sh1bKv2iYTlUkzlWmA5JD2acKoxd4KVxbMmxX/85mtfdnDmTFoNKcg5DGAvxNQ=="
    "resolved" "https://registry.npmjs.org/htm/-/htm-3.1.1.tgz"
    "version" "3.1.1"
  
  "iconify-icon@^1.0.7":
    "integrity" "sha512-jvbUKHXf8EnGGArmhlP2IG8VqQLFFyTvTqb9LVL2TKTh7/eCCD1o2HHE9thpbJJb6B8hzhcFb6rOKhvo7reNKA=="
    "resolved" "https://registry.npmjs.org/iconify-icon/-/iconify-icon-1.0.8.tgz"
    "version" "1.0.8"
    dependencies:
      "@iconify/types" "^2.0.0"
  
  "ids@^1.0.0":
    "integrity" "sha512-XQ0yom/4KWTL29sLG+tyuycy7UmeaM/79GRtSJq6IG9cJGIPeBz5kwDCguie3TwxaMNIc3WtPi0cTa1XYHicpw=="
    "resolved" "https://registry.npmjs.org/ids/-/ids-1.0.5.tgz"
    "version" "1.0.5"
  
  "immutable@^4.0.0":
    "integrity" "sha512-fsXeu4J4i6WNWSikpI88v/PcVflZz+6kMhUfIwc5SY+poQRPnaf5V7qds6SUyUN3cVxEzuCab7QIoLOQ+DQ1wA=="
    "resolved" "https://registry.npmjs.org/immutable/-/immutable-4.3.4.tgz"
    "version" "4.3.4"
  
  "import-fresh@^3.2.1":
    "integrity" "sha512-veYYhQa+D1QBKznvhUHxb8faxlrwUnxseDAbAp457E0wLNio2bOSKnjYDhMj+YiAq61xrMGhQk9iXVk5FzgQMw=="
    "resolved" "https://registry.npmjs.org/import-fresh/-/import-fresh-3.3.0.tgz"
    "version" "3.3.0"
    dependencies:
      "parent-module" "^1.0.0"
      "resolve-from" "^4.0.0"
  
  "import-meta-resolve@^3.0.0":
    "integrity" "sha512-4IwhLhNNA8yy445rPjD/lWh++7hMDOml2eHtd58eG7h+qK3EryMuuRbsHGPikCoAgIkkDnckKfWSk2iDla/ejg=="
    "resolved" "https://registry.npmjs.org/import-meta-resolve/-/import-meta-resolve-3.0.0.tgz"
    "version" "3.0.0"
  
  "inflight@^1.0.4":
    "integrity" "sha512-k92I/b08q4wvFscXCLvqfsHCrjrF7yiXsQuIVvVE7N82W3+aqpzuUdBbfhWcy/FZR3/4IgflMgKLOsvPDrGCJA=="
    "resolved" "https://registry.npmjs.org/inflight/-/inflight-1.0.6.tgz"
    "version" "1.0.6"
    dependencies:
      "once" "^1.3.0"
      "wrappy" "1"
  
  "inherits-browser@^0.1.0":
    "integrity" "sha512-CJHHvW3jQ6q7lzsXPpapLdMx5hDpSF3FSh45pwsj6bKxJJ8Nl8v43i5yXnr3BdfOimGHKyniewQtnAIp3vyJJw=="
    "resolved" "https://registry.npmjs.org/inherits-browser/-/inherits-browser-0.1.0.tgz"
    "version" "0.1.0"
  
  "inherits@^2.0.4", "inherits@2":
    "integrity" "sha512-k/vGaX4/Yla3WzyMCvTQOXYeIHvqOKtnqBduzTHpzpQZzAskKMhZ2K+EnBiSM9zGSoIFeMpXKxa4dYeZIQqewQ=="
    "resolved" "https://registry.npmjs.org/inherits/-/inherits-2.0.4.tgz"
    "version" "2.0.4"
  
  "inputmask@^5.0.8":
    "integrity" "sha512-1WcbyudPTXP1B28ozWWyFa6QRIUG4KiLoyR6LFHlpT4OfTzRqFfWgHFadNvRuMN1S9XNVz9CdNvCGjJi+uAMqQ=="
    "resolved" "https://registry.npmjs.org/inputmask/-/inputmask-5.0.8.tgz"
    "version" "5.0.8"
  
  "is-arguments@^1.0.4":
    "integrity" "sha512-8Q7EARjzEnKpt/PCD7e1cgUS0a6X8u5tdSiMqXhojOdoV9TsMsiO+9VLC5vAmO8N7/GmXn7yjR8qnA6bVAEzfA=="
    "resolved" "https://registry.npmjs.org/is-arguments/-/is-arguments-1.1.1.tgz"
    "version" "1.1.1"
    dependencies:
      "call-bind" "^1.0.2"
      "has-tostringtag" "^1.0.0"
  
  "is-binary-path@~2.1.0":
    "integrity" "sha512-ZMERYes6pDydyuGidse7OsHxtbI7WVeUEozgR/g7rd0xUimYNlvZRE/K2MgZTjWy725IfelLeVcEM97mmtRGXw=="
    "resolved" "https://registry.npmjs.org/is-binary-path/-/is-binary-path-2.1.0.tgz"
    "version" "2.1.0"
    dependencies:
      "binary-extensions" "^2.0.0"
  
  "is-core-module@^2.13.0":
    "integrity" "sha512-Z7dk6Qo8pOCp3l4tsX2C5ZVas4V+UxwQodwZhLopL91TX8UyyHEXafPcyoeeWuLrwzHcr3igO78wNLwHJHsMCQ=="
    "resolved" "https://registry.npmjs.org/is-core-module/-/is-core-module-2.13.0.tgz"
    "version" "2.13.0"
    dependencies:
      "has" "^1.0.3"
  
  "is-date-object@^1.0.1":
    "integrity" "sha512-9YQaSxsAiSwcvS33MBk3wTCVnWK+HhF8VZR2jRxehM16QcVOdHqPn4VPHmRK4lSr38n9JriurInLcP90xsYNfQ=="
    "resolved" "https://registry.npmjs.org/is-date-object/-/is-date-object-1.0.5.tgz"
    "version" "1.0.5"
    dependencies:
      "has-tostringtag" "^1.0.0"
  
  "is-extglob@^2.1.1":
    "integrity" "sha512-SbKbANkN603Vi4jEZv49LeVJMn4yGwsbzZworEoyEiutsN3nJYdbO36zfhGJ6QEDpOZIFkDtnq5JRxmvl3jsoQ=="
    "resolved" "https://registry.npmjs.org/is-extglob/-/is-extglob-2.1.1.tgz"
    "version" "2.1.1"
  
  "is-glob@^4.0.1", "is-glob@^4.0.3", "is-glob@~4.0.1":
    "integrity" "sha512-xelSayHH36ZgE7ZWhli7pW34hNbNl8Ojv5KVmkJD4hBdD3th8Tfk9vYasLM+mXWOZhFkgZfxhLSnrwRr4elSSg=="
    "resolved" "https://registry.npmjs.org/is-glob/-/is-glob-4.0.3.tgz"
    "version" "4.0.3"
    dependencies:
      "is-extglob" "^2.1.1"
  
  "is-number@^7.0.0":
    "integrity" "sha512-41Cifkg6e8TylSpdtTpeLVMqvSBEVzTttHvERD741+pnZ8ANv0004MRL43QKPDlK9cGvNp6NZWZUBlbGXYxxng=="
    "resolved" "https://registry.npmjs.org/is-number/-/is-number-7.0.0.tgz"
    "version" "7.0.0"
  
  "is-reference@^3.0.0", "is-reference@^3.0.1":
    "integrity" "sha512-baJJdQLiYaJdvFbJqXrcGv3WU3QCzBlUcI5QhbesIm6/xPsvmO+2CDoi/GMOFBQEQm+PXkwOPrp9KK5ozZsp2w=="
    "resolved" "https://registry.npmjs.org/is-reference/-/is-reference-3.0.1.tgz"
    "version" "3.0.1"
    dependencies:
      "@types/estree" "*"
  
  "is-regex@^1.0.4":
    "integrity" "sha512-kvRdxDsxZjhzUX07ZnLydzS1TU/TJlTUHHY4YLL87e37oUA49DfkLqgy+VjFocowy29cKvcSiu+kIv728jTTVg=="
    "resolved" "https://registry.npmjs.org/is-regex/-/is-regex-1.1.4.tgz"
    "version" "1.1.4"
    dependencies:
      "call-bind" "^1.0.2"
      "has-tostringtag" "^1.0.0"
  
  "jiti@^1.18.2":
    "integrity" "sha512-5eEbBDQT/jF1xg6l36P+mWGGoH9Spuy0PCdSr2dtWRDGC6ph/w9ZCL4lmESW8f8F7MwT3XKescfP0wnZWAKL9w=="
    "resolved" "https://registry.npmjs.org/jiti/-/jiti-1.19.3.tgz"
    "version" "1.19.3"
  
  "kleur@^4.1.5":
    "integrity" "sha512-o+NO+8WrRiQEE4/7nwRJhN1HWpVmJm511pBHUxPLtp0BUISzlBplORYSmTclCnJvQq2tKu/sgl3xVpkc7ZWuQQ=="
    "resolved" "https://registry.npmjs.org/kleur/-/kleur-4.1.5.tgz"
    "version" "4.1.5"
  
  "lilconfig@^2.0.5", "lilconfig@^2.1.0":
    "integrity" "sha512-utWOt/GHzuUxnLKxB6dk81RoOeoNeHgbrXiuGk4yyF5qlRz+iIVWu56E2fqGHFrXz0QNUhLB/8nKqvRH66JKGQ=="
    "resolved" "https://registry.npmjs.org/lilconfig/-/lilconfig-2.1.0.tgz"
    "version" "2.1.0"
  
  "lines-and-columns@^1.1.6":
    "integrity" "sha512-7ylylesZQ/PV29jhEDl3Ufjo6ZX7gCqJr5F7PKrqc93v7fzSymt1BpwEU8nAUXs8qzzvqhbjhK5QZg6Mt/HkBg=="
    "resolved" "https://registry.npmjs.org/lines-and-columns/-/lines-and-columns-1.2.4.tgz"
    "version" "1.2.4"
  
  "litepicker@^2.0.12":
    "integrity" "sha512-1N0sZJca/eALvS1hbJsVqKXwJAmp0BsJn73kZKWGGLjZkvjKr7HXGPV+/shu60aEY/JXoOg2XUmo7hbdIOsFpQ=="
    "resolved" "https://registry.npmjs.org/litepicker/-/litepicker-2.0.12.tgz"
    "version" "2.0.12"
  
  "locate-character@^3.0.0":
    "integrity" "sha512-SW13ws7BjaeJ6p7Q6CO2nchbYEc3X3J6WrmTTDto7yMPqVSZTUyY5Tjbid+Ab8gLnATtygYtiDIJGQRRn2ZOiA=="
    "resolved" "https://registry.npmjs.org/locate-character/-/locate-character-3.0.0.tgz"
    "version" "3.0.0"
  
  "lodash@^4.17.21":
    "integrity" "sha512-v2kDEe57lecTulaDIuNTPy3Ry4gLGJ6Z1O3vE1krgXZNrsQ+LFTGHVxVjcXPs17LhbZVGedAJv8XZ1tvj5FvSg=="
    "resolved" "https://registry.npmjs.org/lodash/-/lodash-4.17.21.tgz"
    "version" "4.17.21"
  
  "lower-case@^2.0.2":
    "integrity" "sha512-7fm3l3NAF9WfN6W3JOmf5drwpVqX78JtoGJ3A6W0a6ZnldM41w2fV5D490psKFTpMds8TJse/eHLFFsNHHjHgg=="
    "resolved" "https://registry.npmjs.org/lower-case/-/lower-case-2.0.2.tgz"
    "version" "2.0.2"
    dependencies:
      "tslib" "^2.0.3"
  
  "magic-string@^0.27.0":
    "integrity" "sha512-8UnnX2PeRAPZuN12svgR9j7M1uWMovg/CEnIwIG0LFkXSJJe4PdfUGiTGl8V9bsBHFUtfVINcSyYxd7q+kx9fA=="
    "resolved" "https://registry.npmjs.org/magic-string/-/magic-string-0.27.0.tgz"
    "version" "0.27.0"
    dependencies:
      "@jridgewell/sourcemap-codec" "^1.4.13"
  
  "magic-string@^0.30.0", "magic-string@^0.30.2":
    "integrity" "sha512-B7xGbll2fG/VjP+SWg4sX3JynwIU0mjoTc6MPpKNuIvftk6u6vqhDnk1R80b8C2GBR6ywqy+1DcKBrevBg+bmw=="
    "resolved" "https://registry.npmjs.org/magic-string/-/magic-string-0.30.3.tgz"
    "version" "0.30.3"
    dependencies:
      "@jridgewell/sourcemap-codec" "^1.4.15"
  
  "mdn-data@2.0.30":
    "integrity" "sha512-GaqWWShW4kv/G9IEucWScBx9G1/vsFZZJUO+tD26M8J8z3Kw5RDQjaoZe03YAClgeS/SWPOcb4nkFBTEi5DUEA=="
    "resolved" "https://registry.npmjs.org/mdn-data/-/mdn-data-2.0.30.tgz"
    "version" "2.0.30"
  
  "merge2@^1.3.0":
    "integrity" "sha512-8q7VEgMJW4J8tcfVPy8g09NcQwZdbwFEqhe/WZkoIzjn/3TGDwtOCYtXGxA3O8tPzpczCCDgv+P2P5y00ZJOOg=="
    "resolved" "https://registry.npmjs.org/merge2/-/merge2-1.4.1.tgz"
    "version" "1.4.1"
  
  "micromatch@^4.0.4", "micromatch@^4.0.5":
    "integrity" "sha512-DMy+ERcEW2q8Z2Po+WNXuw3c5YaUSFjAO5GsJqfEl7UjvtIuFKO6ZrKvcItdy98dwFI2N1tg3zNIdKaQT+aNdA=="
    "resolved" "https://registry.npmjs.org/micromatch/-/micromatch-4.0.5.tgz"
    "version" "4.0.5"
    dependencies:
      "braces" "^3.0.2"
      "picomatch" "^2.3.1"
  
  "mime@^3.0.0":
    "integrity" "sha512-jSCU7/VB1loIWBZe14aEYHU/+1UMEHoaO7qxCOVJOw9GgH72VAWppxNcjU+x9a2k3GSIBXNKxXQFqRvvZ7vr3A=="
    "resolved" "https://registry.npmjs.org/mime/-/mime-3.0.0.tgz"
    "version" "3.0.0"
  
  "min-dash@^4.0.0", "min-dash@^4.1.0", "min-dash@^4.1.1":
    "integrity" "sha512-r+Z6vxXLSGr+otyCPx9NKPCSixw7LdfZREPTmqfd2a/d5D6w4NCdOxRJs+HyFO6v2pQkyHroGSiINWECK+OWPg=="
    "resolved" "https://registry.npmjs.org/min-dash/-/min-dash-4.1.1.tgz"
    "version" "4.1.1"
  
  "min-dom@^4.0.2", "min-dom@^4.0.3", "min-dom@^4.1.0":
    "integrity" "sha512-1lj1EyoSwY/UmTeT/hhPiZTsq+vK9D+8FAJ/53iK5jT1otkG9rJTixSKdjmTieEvdfES+sKbbTptzaQJhnacjA=="
    "resolved" "https://registry.npmjs.org/min-dom/-/min-dom-4.1.0.tgz"
    "version" "4.1.0"
    dependencies:
      "component-event" "^0.2.1"
      "domify" "^1.4.1"
      "min-dash" "^4.0.0"
  
  "min-indent@^1.0.0":
    "integrity" "sha512-I9jwMn07Sy/IwOj3zVkVik2JTvgpaykDZEigL6Rx6N9LbMywwUSMtxET+7lVoDLLd3O3IXwJwvuuns8UB/HeAg=="
    "resolved" "https://registry.npmjs.org/min-indent/-/min-indent-1.0.1.tgz"
    "version" "1.0.1"
  
  "minimatch@^3.0.4", "minimatch@^3.1.1":
    "integrity" "sha512-J7p63hRiAjw1NDEww1W7i37+ByIrOWO5XQQAzZ3VOcL0PNybwpfmV/N05zFAzwQ9USyEcX6t3UO+K5aqBQOIHw=="
    "resolved" "https://registry.npmjs.org/minimatch/-/minimatch-3.1.2.tgz"
    "version" "3.1.2"
    dependencies:
      "brace-expansion" "^1.1.7"
  
  "minimist@^1.2.0", "minimist@^1.2.6":
    "integrity" "sha512-2yyAR8qBkN3YuheJanUpWC5U3bb5osDywNB8RzDVlDwDHbocAJveqqj1u8+SVD7jkWT4yvsHCpWqqWqAxb0zCA=="
    "resolved" "https://registry.npmjs.org/minimist/-/minimist-1.2.8.tgz"
    "version" "1.2.8"
  
  "mkdirp@^0.5.1":
    "integrity" "sha512-FP+p8RB8OWpF3YZBCrP5gtADmtXApB5AMLn+vdyA+PyxCjrCs00mjyUozssO33cwDeT3wNGdLxJ5M//YqtHAJw=="
    "resolved" "https://registry.npmjs.org/mkdirp/-/mkdirp-0.5.6.tgz"
    "version" "0.5.6"
    dependencies:
      "minimist" "^1.2.6"
  
  "moddle-xml@^10.0.0":
    "integrity" "sha512-erWckwLt+dYskewKXJso9u+aAZ5172lOiYxSOqKCPTy7L/xmqH1PoeoA7eVC7oJTt3PqF5TkZzUmbjGH6soQBg=="
    "resolved" "https://registry.npmjs.org/moddle-xml/-/moddle-xml-10.1.0.tgz"
    "version" "10.1.0"
    dependencies:
      "min-dash" "^4.0.0"
      "moddle" "^6.0.0"
      "saxen" "^8.1.2"
  
  "moddle@^6.0.0":
    "integrity" "sha512-bLVN+ZHL3aKnhxc19XtjUfvdJsS3EsiEJC7bT6YPD11qYmTzvsxrGgyYz1Ouof7TZuGw0lDJ1OLmEnxcpQWk3Q=="
    "resolved" "https://registry.npmjs.org/moddle/-/moddle-6.2.3.tgz"
    "version" "6.2.3"
    dependencies:
      "min-dash" "^4.0.0"
  
  "moment@^2.29.4":
    "integrity" "sha512-5LC9SOxjSc2HF6vO2CyuTDNivEdoz2IvyJJGj6X8DJ0eFyfszE0QiEd+iXmBvUP3WHxSjFH/vIsA0EN00cgr8w=="
    "resolved" "https://registry.npmjs.org/moment/-/moment-2.29.4.tgz"
    "version" "2.29.4"
  
  "mri@^1.1.0":
    "integrity" "sha512-tzzskb3bG8LvYGFF/mDTpq3jpI6Q9wc3LEmBaghu+DdCssd1FakN7Bc0hVNmEyGq1bq3RgfkCb3cmQLpNPOroA=="
    "resolved" "https://registry.npmjs.org/mri/-/mri-1.2.0.tgz"
    "version" "1.2.0"
  
  "mrmime@^1.0.0":
    "integrity" "sha512-hzzEagAgDyoU1Q6yg5uI+AorQgdvMCur3FcKf7NhMKWsaYg+RnbTyHRa/9IlLF9rf455MOCtcqqrQQ83pPP7Uw=="
    "resolved" "https://registry.npmjs.org/mrmime/-/mrmime-1.0.1.tgz"
    "version" "1.0.1"
  
  "ms@2.1.2":
    "integrity" "sha512-sGkPx+VjMtmA6MX27oA4FBFELFCZZ4S4XqeGOXCv68tT+jb3vk/RyaKWP0PTKyWtmLSM0b+adUTEvbs1PEaH2w=="
    "resolved" "https://registry.npmjs.org/ms/-/ms-2.1.2.tgz"
    "version" "2.1.2"
  
  "mz@^2.7.0":
    "integrity" "sha512-z81GNO7nnYMEhrGh9LeymoE4+Yr0Wn5McHIZMK5cfQCl+NDX08sCZgUc9/6MHni9IWuFLm1Z3HTCXu2z9fN62Q=="
    "resolved" "https://registry.npmjs.org/mz/-/mz-2.7.0.tgz"
    "version" "2.7.0"
    dependencies:
      "any-promise" "^1.0.0"
      "object-assign" "^4.0.1"
      "thenify-all" "^1.0.0"
  
  "nanoid@^3.3.6":
    "integrity" "sha512-BGcqMMJuToF7i1rt+2PWSNVnWIkGCU78jBG3RxO/bZlnZPK2Cmi2QaffxGO/2RvWi9sL+FAiRiXMgsyxQ1DIDA=="
    "resolved" "https://registry.npmjs.org/nanoid/-/nanoid-3.3.6.tgz"
    "version" "3.3.6"
  
  "no-case@^3.0.4":
    "integrity" "sha512-fgAN3jGAh+RoxUGZHTSOLJIqUc2wmoBwGR4tbpNAKmmovFoWq0OdRkb0VkldReO2a2iBT/OEulG9XSUc10r3zg=="
    "resolved" "https://registry.npmjs.org/no-case/-/no-case-3.0.4.tgz"
    "version" "3.0.4"
    dependencies:
      "lower-case" "^2.0.2"
      "tslib" "^2.0.3"
  
  "node-releases@^2.0.13":
    "integrity" "sha512-uYr7J37ae/ORWdZeQ1xxMJe3NtdmqMC/JZK+geofDrkLUApKRHPd18/TxtBOJ4A0/+uUIliorNrfYV6s1b02eQ=="
    "resolved" "https://registry.npmjs.org/node-releases/-/node-releases-2.0.13.tgz"
    "version" "2.0.13"
  
  "normalize-path@^3.0.0", "normalize-path@~3.0.0":
    "integrity" "sha512-6eZs5Ls3WtCisHWp9S2GUy8dqkpGi4BVSz3GaqiE6ezub0512ESztXUwUB6C6IKbQkY2Pnb/mD4WYojCRwcwLA=="
    "resolved" "https://registry.npmjs.org/normalize-path/-/normalize-path-3.0.0.tgz"
    "version" "3.0.0"
  
  "normalize-range@^0.1.2":
    "integrity" "sha512-bdok/XvKII3nUpklnV6P2hxtMNrCboOjAcyBuQnWEhO665FwrSNRxU+AqpsyvO6LgGYPspN+lu5CLtw4jPRKNA=="
    "resolved" "https://registry.npmjs.org/normalize-range/-/normalize-range-0.1.2.tgz"
    "version" "0.1.2"
  
  "nouislider@^15.7.0":
    "integrity" "sha512-5N7C1ru/i8y3dg9+Z6ilj6+m1EfabvOoaRa7ztpxBSKKRZso4vA52DGSbBJjw5XLtFr/LZ9SgGAXqyVtlVHO5w=="
    "resolved" "https://registry.npmjs.org/nouislider/-/nouislider-15.7.1.tgz"
    "version" "15.7.1"
  
  "object-assign@^4.0.1":
    "integrity" "sha512-rJgTQnkUnH1sFw8yT6VSU3zD3sWmu6sZhIseY8VX+GRu3P6F7Fu+JNDoXfklElbLJSnc3FUQHVe4cU5hj+BcUg=="
    "resolved" "https://registry.npmjs.org/object-assign/-/object-assign-4.1.1.tgz"
    "version" "4.1.1"
  
  "object-hash@^3.0.0":
    "integrity" "sha512-RSn9F68PjH9HqtltsSnqYC1XXoWe9Bju5+213R98cNGttag9q9yAOTzdbsqvIa7aNm5WffBZFpWYr2aWrklWAw=="
    "resolved" "https://registry.npmjs.org/object-hash/-/object-hash-3.0.0.tgz"
    "version" "3.0.0"
  
  "object-is@^1.0.1":
    "integrity" "sha512-3cyDsyHgtmi7I7DfSSI2LDp6SK2lwvtbg0p0R1e0RvTqF5ceGx+K2dfSjm1bKDMVCFEDAQvy+o8c6a7VujOddw=="
    "resolved" "https://registry.npmjs.org/object-is/-/object-is-1.1.5.tgz"
    "version" "1.1.5"
    dependencies:
      "call-bind" "^1.0.2"
      "define-properties" "^1.1.3"
  
  "object-keys@^1.1.1":
    "integrity" "sha512-NuAESUOUMrlIXOfHKzD6bpPu3tYt3xvjNdRIQ+FeT0lNb4K8WR70CaDxhuNguS2XG+GjkyMwOzsN5ZktImfhLA=="
    "resolved" "https://registry.npmjs.org/object-keys/-/object-keys-1.1.1.tgz"
    "version" "1.1.1"
  
  "object-refs@^0.3.0":
    "integrity" "sha512-eP0ywuoWOaDoiake/6kTJlPJhs+k0qNm4nYRzXLNHj6vh+5M3i9R1epJTdxIPGlhWc4fNRQ7a6XJNCX+/L4FOQ=="
    "resolved" "https://registry.npmjs.org/object-refs/-/object-refs-0.3.0.tgz"
    "version" "0.3.0"
  
  "once@^1.3.0":
    "integrity" "sha512-lNaJgI+2Q5URQBkccEKHTQOPaXdUxnZZElQTZY0MFUAuaEqe1E+Nyvgdz/aIyNi6Z9MzO5dv1H8n58/GELp3+w=="
    "resolved" "https://registry.npmjs.org/once/-/once-1.4.0.tgz"
    "version" "1.4.0"
    dependencies:
      "wrappy" "1"
  
  "param-case@^3.0.4":
    "integrity" "sha512-RXlj7zCYokReqWpOPH9oYivUzLYZ5vAPIfEmCTNViosC78F8F0H9y7T7gG2M39ymgutxF5gcFEsyZQSph9Bp3A=="
    "resolved" "https://registry.npmjs.org/param-case/-/param-case-3.0.4.tgz"
    "version" "3.0.4"
    dependencies:
      "dot-case" "^3.0.4"
      "tslib" "^2.0.3"
  
  "parchment@^1.1.4":
    "integrity" "sha512-J5FBQt/pM2inLzg4hEWmzQx/8h8D0CiDxaG3vyp9rKrQRSDgBlhjdP5jQGgosEajXPSQouXGHOmVdgo7QmJuOg=="
    "resolved" "https://registry.npmjs.org/parchment/-/parchment-1.1.4.tgz"
    "version" "1.1.4"
  
  "parent-module@^1.0.0":
    "integrity" "sha512-GQ2EWRpQV8/o+Aw8YqtfZZPfNRWZYkbidE9k5rpl/hC3vtHHBfGm2Ifi6qWV+coDGkrUKZAxE3Lot5kcsRlh+g=="
    "resolved" "https://registry.npmjs.org/parent-module/-/parent-module-1.0.1.tgz"
    "version" "1.0.1"
    dependencies:
      "callsites" "^3.0.0"
  
  "path-intersection@^2.2.1":
    "integrity" "sha512-9u8xvMcSfuOiStv9bPdnRJQhGQXLKurew94n4GPQCdH1nj9QKC9ObbNoIpiRq8skiOBxKkt277PgOoFgAt3/rA=="
    "resolved" "https://registry.npmjs.org/path-intersection/-/path-intersection-2.2.1.tgz"
    "version" "2.2.1"
  
  "path-is-absolute@^1.0.0":
    "integrity" "sha512-AVbw3UJ2e9bq64vSaS9Am0fje1Pa8pbGqTTsmXfaIiMpnr5DlDhfJOuLj9Sf95ZPVDAUerDfEk88MPmPe7UCQg=="
    "resolved" "https://registry.npmjs.org/path-is-absolute/-/path-is-absolute-1.0.1.tgz"
    "version" "1.0.1"
  
  "path-parse@^1.0.7":
    "integrity" "sha512-LDJzPVEEEPR+y48z93A0Ed0yXb8pAByGWo/k5YYdYgpY2/2EsOsksJrq7lOHxryrVOn1ejG6oAp8ahvOIQD8sw=="
    "resolved" "https://registry.npmjs.org/path-parse/-/path-parse-1.0.7.tgz"
    "version" "1.0.7"
  
  "periscopic@^3.1.0":
    "integrity" "sha512-vKiQ8RRtkl9P+r/+oefh25C3fhybptkHKCZSPlcXiJux2tJF55GnEj3BVn4A5gKfq9NWWXXrxkHBwVPUfH0opw=="
    "resolved" "https://registry.npmjs.org/periscopic/-/periscopic-3.1.0.tgz"
    "version" "3.1.0"
    dependencies:
      "@types/estree" "^1.0.0"
      "estree-walker" "^3.0.0"
      "is-reference" "^3.0.0"
  
  "picocolors@^1.0.0":
    "integrity" "sha512-1fygroTLlHu66zi26VoTDv8yRgm0Fccecssto+MhsZ0D/DGW2sm8E8AjW7NU5VVTRt5GxbeZ5qBuJr+HyLYkjQ=="
    "resolved" "https://registry.npmjs.org/picocolors/-/picocolors-1.0.0.tgz"
    "version" "1.0.0"
  
  "picomatch@^2.0.4", "picomatch@^2.2.1", "picomatch@^2.3.1":
    "integrity" "sha512-JU3teHTNjmE2VCGFzuY8EXzCDVwEqB2a8fsIvwaStHhAWJEeVd1o1QD80CU6+ZdEXXSLbSsuLwJjkCBWqRQUVA=="
    "resolved" "https://registry.npmjs.org/picomatch/-/picomatch-2.3.1.tgz"
    "version" "2.3.1"
  
  "pify@^2.3.0":
    "integrity" "sha512-udgsAY+fTnvv7kI7aaxbqwWNb0AHiB0qBO89PZKPkoTmGOgdbrHDKD+0B2X4uTfJ/FT1R09r9gTsjUjNJotuog=="
    "resolved" "https://registry.npmjs.org/pify/-/pify-2.3.0.tgz"
    "version" "2.3.0"
  
  "pirates@^4.0.1":
    "integrity" "sha512-saLsH7WeYYPiD25LDuLRRY/i+6HaPYr6G1OUlN39otzkSTxKnubR9RTxS3/Kk50s1g2JTgFwWQDQyplC5/SHZg=="
    "resolved" "https://registry.npmjs.org/pirates/-/pirates-4.0.6.tgz"
    "version" "4.0.6"
  
  "postcss-import@^15.1.0":
    "integrity" "sha512-hpr+J05B2FVYUAXHeK1YyI267J/dDDhMU6B6civm8hSY1jYJnBXxzKDKDswzJmtLHryrjhnDjqqp/49t8FALew=="
    "resolved" "https://registry.npmjs.org/postcss-import/-/postcss-import-15.1.0.tgz"
    "version" "15.1.0"
    dependencies:
      "postcss-value-parser" "^4.0.0"
      "read-cache" "^1.0.0"
      "resolve" "^1.1.7"
  
  "postcss-js@^4", "postcss-js@^4.0.1":
    "integrity" "sha512-dDLF8pEO191hJMtlHFPRa8xsizHaM82MLfNkUHdUtVEV3tgTp5oj+8qbEqYM57SLfc74KSbw//4SeJma2LRVIw=="
    "resolved" "https://registry.npmjs.org/postcss-js/-/postcss-js-4.0.1.tgz"
    "version" "4.0.1"
    dependencies:
      "camelcase-css" "^2.0.1"
  
  "postcss-load-config@^2.1.0 || ^3.0.0 || ^4.0.0", "postcss-load-config@^4.0.1":
    "integrity" "sha512-vEJIc8RdiBRu3oRAI0ymerOn+7rPuMvRXslTvZUKZonDHFIczxztIyJ1urxM1x9JXEikvpWWTUUqal5j/8QgvA=="
    "resolved" "https://registry.npmjs.org/postcss-load-config/-/postcss-load-config-4.0.1.tgz"
    "version" "4.0.1"
    dependencies:
      "lilconfig" "^2.0.5"
      "yaml" "^2.1.1"
  
  "postcss-nested@^6.0.1":
    "integrity" "sha512-mEp4xPMi5bSWiMbsgoPfcP74lsWLHkQbZc3sY+jWYd65CUwXrUaTp0fmNpa01ZcETKlIgUdFN/MpS2xZtqL9dQ=="
    "resolved" "https://registry.npmjs.org/postcss-nested/-/postcss-nested-6.0.1.tgz"
    "version" "6.0.1"
    dependencies:
      "postcss-selector-parser" "^6.0.11"
  
  "postcss-nesting@^12.0.1":
    "integrity" "sha512-6LCqCWP9pqwXw/njMvNK0hGY44Fxc4B2EsGbn6xDcxbNRzP8GYoxT7yabVVMLrX3quqOJ9hg2jYMsnkedOf8pA=="
    "resolved" "https://registry.npmjs.org/postcss-nesting/-/postcss-nesting-12.0.1.tgz"
    "version" "12.0.1"
    dependencies:
      "@csstools/selector-specificity" "^3.0.0"
      "postcss-selector-parser" "^6.0.13"
  
  "postcss-selector-parser@^6.0.11", "postcss-selector-parser@^6.0.13":
    "integrity" "sha512-EaV1Gl4mUEV4ddhDnv/xtj7sxwrwxdetHdWUGnT4VJQf+4d05v6lHYZr8N573k5Z0BViss7BDhfWtKS3+sfAqQ=="
    "resolved" "https://registry.npmjs.org/postcss-selector-parser/-/postcss-selector-parser-6.0.13.tgz"
    "version" "6.0.13"
    dependencies:
      "cssesc" "^3.0.0"
      "util-deprecate" "^1.0.2"
  
  "postcss-value-parser@^4.0.0", "postcss-value-parser@^4.2.0":
    "integrity" "sha512-1NNCs6uurfkVbeXG4S8JFT9t19m45ICnif8zWLd5oPSZ50QnwMfK+H3jv408d4jw/7Bttv5axS5IiHoLaVNHeQ=="
    "resolved" "https://registry.npmjs.org/postcss-value-parser/-/postcss-value-parser-4.2.0.tgz"
    "version" "4.2.0"
  
  "postcss@^7 || ^8", "postcss@^8", "postcss@^8.0.0", "postcss@^8.1.0", "postcss@^8.2.14", "postcss@^8.4", "postcss@^8.4.21", "postcss@^8.4.23", "postcss@^8.4.27", "postcss@^8.4.28", "postcss@>=8.0.9":
    "integrity" "sha512-Z7V5j0cq8oEKyejIKfpD8b4eBy9cwW2JWPk0+fB1HOAMsfHbnAXLLS+PfVWlzMSLQaWttKDt607I0XHmpE67Vw=="
    "resolved" "https://registry.npmjs.org/postcss/-/postcss-8.4.28.tgz"
    "version" "8.4.28"
    dependencies:
      "nanoid" "^3.3.6"
      "picocolors" "^1.0.0"
      "source-map-js" "^1.0.2"
  
  "preact@^10.11.2":
    "integrity" "sha512-X9BODrvQ4Ekwv9GURm9AKAGaomqXmip7NQTZgY7gcNmr7XE83adOMJvd3N42id1tMFU7ojiynRsYnY6/BRFxLA=="
    "resolved" "https://registry.npmjs.org/preact/-/preact-10.17.1.tgz"
    "version" "10.17.1"
  
  "prettier-plugin-svelte@^2.10.1":
    "integrity" "sha512-Wlq7Z5v2ueCubWo0TZzKc9XHcm7TDxqcuzRuGd0gcENfzfT4JZ9yDlCbEgxWgiPmLHkBjfOtpAWkcT28MCDpUQ=="
    "resolved" "https://registry.npmjs.org/prettier-plugin-svelte/-/prettier-plugin-svelte-2.10.1.tgz"
    "version" "2.10.1"
  
  "prettier@^1.16.4 || ^2.0.0", "prettier@^2.8.0":
    "integrity" "sha512-tdN8qQGvNjw4CHbY+XXk0JgCXn9QiF21a55rBe5LJAU+kDyC4WQn4+awm2Xfk2lQMk5fKup9XgzTZtGkjBdP9Q=="
    "resolved" "https://registry.npmjs.org/prettier/-/prettier-2.8.8.tgz"
    "version" "2.8.8"
  
  "queue-microtask@^1.2.2":
    "integrity" "sha512-NuaNSa6flKT5JaSYQzJok04JzTL1CA6aGhv5rfLW3PgqA+M2ChpZQnAC8h8i4ZFkBS8X5RqkDBHA7r4hej3K9A=="
    "resolved" "https://registry.npmjs.org/queue-microtask/-/queue-microtask-1.2.3.tgz"
    "version" "1.2.3"
  
  "quill-delta@^3.6.2":
    "integrity" "sha512-wdIGBlcX13tCHOXGMVnnTVFtGRLoP0imqxM696fIPwIf5ODIYUHIvHbZcyvGlZFiFhK5XzDC2lpjbxRhnM05Tg=="
    "resolved" "https://registry.npmjs.org/quill-delta/-/quill-delta-3.6.3.tgz"
    "version" "3.6.3"
    dependencies:
      "deep-equal" "^1.0.1"
      "extend" "^3.0.2"
      "fast-diff" "1.1.2"
  
  "quill@^1.3.7":
    "integrity" "sha512-hG/DVzh/TiknWtE6QmWAF/pxoZKYxfe3J/d/+ShUWkDvvkZQVTPeVmUJVu1uE6DDooC4fWTiCLh84ul89oNz5g=="
    "resolved" "https://registry.npmjs.org/quill/-/quill-1.3.7.tgz"
    "version" "1.3.7"
    dependencies:
      "clone" "^2.1.1"
      "deep-equal" "^1.0.1"
      "eventemitter3" "^2.0.3"
      "extend" "^3.0.2"
      "parchment" "^1.1.4"
      "quill-delta" "^3.6.2"
  
  "read-cache@^1.0.0":
    "integrity" "sha512-Owdv/Ft7IjOgm/i0xvNDZ1LrRANRfew4b2prF3OWMQLxLfu3bS8FVhCsrSCMK4lR56Y9ya+AThoTpDCTxCmpRA=="
    "resolved" "https://registry.npmjs.org/read-cache/-/read-cache-1.0.0.tgz"
    "version" "1.0.0"
    dependencies:
      "pify" "^2.3.0"
  
  "readdirp@~3.6.0":
    "integrity" "sha512-hOS089on8RduqdbhvQ5Z37A0ESjsqz6qnRcffsMU3495FuTdqSm+7bhJ29JvIOsBDEEnan5DPu9t3To9VRlMzA=="
    "resolved" "https://registry.npmjs.org/readdirp/-/readdirp-3.6.0.tgz"
    "version" "3.6.0"
    dependencies:
      "picomatch" "^2.2.1"
  
  "regexp.prototype.flags@^1.2.0":
    "integrity" "sha512-0SutC3pNudRKgquxGoRGIz946MZVHqbNfPjBdxeOhBrdgDKlRoXmYLQN9xRbrR09ZXWeGAdPuif7egofn6v5LA=="
    "resolved" "https://registry.npmjs.org/regexp.prototype.flags/-/regexp.prototype.flags-1.5.0.tgz"
    "version" "1.5.0"
    dependencies:
      "call-bind" "^1.0.2"
      "define-properties" "^1.2.0"
      "functions-have-names" "^1.2.3"
  
  "resolve-from@^4.0.0":
    "integrity" "sha512-pb/MYmXstAkysRFx8piNI1tGFNQIFA3vkE3Gq4EuA1dF6gHp/+vgZqsCGJapvy8N3Q+4o7FwvquPJcnZ7RYy4g=="
    "resolved" "https://registry.npmjs.org/resolve-from/-/resolve-from-4.0.0.tgz"
    "version" "4.0.0"
  
  "resolve@^1.1.7", "resolve@^1.22.2":
    "integrity" "sha512-PXNdCiPqDqeUou+w1C2eTQbNfxKSuMxqTCuvlmmMsk1NWHL5fRrhY6Pl0qEYYc6+QqGClco1Qj8XnjPego4wfg=="
    "resolved" "https://registry.npmjs.org/resolve/-/resolve-1.22.4.tgz"
    "version" "1.22.4"
    dependencies:
      "is-core-module" "^2.13.0"
      "path-parse" "^1.0.7"
      "supports-preserve-symlinks-flag" "^1.0.0"
  
  "reusify@^1.0.4":
    "integrity" "sha512-U9nH88a3fc/ekCF1l0/UP1IosiuIjyTh7hBvXVMHYgVcfGvt897Xguj2UOLDeI5BG2m7/uwyaLVT6fbtCwTyzw=="
    "resolved" "https://registry.npmjs.org/reusify/-/reusify-1.0.4.tgz"
    "version" "1.0.4"
  
  "rimraf@^2.5.2":
    "integrity" "sha512-uWjbaKIK3T1OSVptzX7Nl6PvQ3qAGtKEtVRjRuazjfL3Bx5eI409VZSqgND+4UNnmzLVdPj9FqFJNPqBZFve4w=="
    "resolved" "https://registry.npmjs.org/rimraf/-/rimraf-2.7.1.tgz"
    "version" "2.7.1"
    dependencies:
      "glob" "^7.1.3"
  
  "rollup@^3.27.1":
    "integrity" "sha512-R9OMQmIHJm9znrU3m3cpE8uhN0fGdXiawME7aZIpQqvpS/85+Vt1Hq1/yVIcYfOmaQiHjvXkQAoJukvLpau6Yw=="
    "resolved" "https://registry.npmjs.org/rollup/-/rollup-3.28.1.tgz"
    "version" "3.28.1"
    optionalDependencies:
      "fsevents" "~2.3.2"
  
  "run-parallel@^1.1.9":
    "integrity" "sha512-5l4VyZR86LZ/lDxZTR6jqL8AFE2S0IFLMP26AbjsLVADxHdhB/c0GUsH+y39UfCi3dzz8OlQuPmnaJOMoDHQBA=="
    "resolved" "https://registry.npmjs.org/run-parallel/-/run-parallel-1.2.0.tgz"
    "version" "1.2.0"
    dependencies:
      "queue-microtask" "^1.2.2"
  
  "sade@^1.7.4", "sade@^1.8.1":
    "integrity" "sha512-xal3CZX1Xlo/k4ApwCFrHVACi9fBqJ7V+mwhBsuf/1IOKbBy098Fex+Wa/5QMubw09pSZ/u8EY8PWgevJsXp1A=="
    "resolved" "https://registry.npmjs.org/sade/-/sade-1.8.1.tgz"
    "version" "1.8.1"
    dependencies:
      "mri" "^1.1.0"
  
  "sander@^0.5.0":
    "integrity" "sha512-3lVqBir7WuKDHGrKRDn/1Ye3kwpXaDOMsiRP1wd6wpZW56gJhsbp5RqQpA6JG/P+pkXizygnr1dKR8vzWaVsfA=="
    "resolved" "https://registry.npmjs.org/sander/-/sander-0.5.1.tgz"
    "version" "0.5.1"
    dependencies:
      "es6-promise" "^3.1.2"
      "graceful-fs" "^4.1.3"
      "mkdirp" "^0.5.1"
      "rimraf" "^2.5.2"
  
  "sass@*", "sass@^1.26.8", "sass@^1.66.1":
    "integrity" "sha512-50c+zTsZOJVgFfTgwwEzkjA3/QACgdNsKueWPyAR0mRINIvLAStVQBbPg14iuqEQ74NPDbXzJARJ/O4SI1zftA=="
    "resolved" "https://registry.npmjs.org/sass/-/sass-1.66.1.tgz"
    "version" "1.66.1"
    dependencies:
      "chokidar" ">=3.0.0 <4.0.0"
      "immutable" "^4.0.0"
      "source-map-js" ">=0.6.2 <2.0.0"
  
  "saxen@^8.1.2":
    "integrity" "sha512-xUOiiFbc3Ow7p8KMxwsGICPx46ZQvy3+qfNVhrkwfz3Vvq45eGt98Ft5IQaA1R/7Tb5B5MKh9fUR9x3c3nDTxw=="
    "resolved" "https://registry.npmjs.org/saxen/-/saxen-8.1.2.tgz"
    "version" "8.1.2"
  
  "set-cookie-parser@^2.6.0":
    "integrity" "sha512-RVnVQxTXuerk653XfuliOxBP81Sf0+qfQE73LIYKcyMYHG94AuH0kgrQpRDuTZnSmjpysHmzxJXKNfa6PjFhyQ=="
    "resolved" "https://registry.npmjs.org/set-cookie-parser/-/set-cookie-parser-2.6.0.tgz"
    "version" "2.6.0"
  
  "sirv@^2.0.2":
    "integrity" "sha512-O9jm9BsID1P+0HOi81VpXPoDxYP374pkOLzACAoyUQ/3OUVndNpsz6wMnY2z+yOxzbllCKZrM+9QrWsv4THnyA=="
    "resolved" "https://registry.npmjs.org/sirv/-/sirv-2.0.3.tgz"
    "version" "2.0.3"
    dependencies:
      "@polka/url" "^1.0.0-next.20"
      "mrmime" "^1.0.0"
      "totalist" "^3.0.0"
  
  "sorcery@^0.11.0":
    "integrity" "sha512-J69LQ22xrQB1cIFJhPfgtLuI6BpWRiWu1Y3vSsIwK/eAScqJxd/+CJlUuHQRdX2C9NGFamq+KqNywGgaThwfHw=="
    "resolved" "https://registry.npmjs.org/sorcery/-/sorcery-0.11.0.tgz"
    "version" "0.11.0"
    dependencies:
      "@jridgewell/sourcemap-codec" "^1.4.14"
      "buffer-crc32" "^0.2.5"
      "minimist" "^1.2.0"
      "sander" "^0.5.0"
  
  "source-map-js@^1.0.1", "source-map-js@^1.0.2", "source-map-js@>=0.6.2 <2.0.0":
    "integrity" "sha512-R0XvVJ9WusLiqTCEiGCmICCMplcCkIwwR11mOSD9CR5u+IXYdiseeEuXCVAjS54zqwkLcPNnmU4OeJ6tUrWhDw=="
    "resolved" "https://registry.npmjs.org/source-map-js/-/source-map-js-1.0.2.tgz"
    "version" "1.0.2"
  
  "streamsearch@^1.1.0":
    "integrity" "sha512-Mcc5wHehp9aXz1ax6bZUyY5afg9u2rv5cqQI3mRrYkGC8rW2hM02jWuwjtL++LS5qinSyhj2QfLyNsuc+VsExg=="
    "resolved" "https://registry.npmjs.org/streamsearch/-/streamsearch-1.1.0.tgz"
    "version" "1.1.0"
  
  "strip-indent@^3.0.0":
    "integrity" "sha512-laJTa3Jb+VQpaC6DseHhF7dXVqHTfJPCRDaEbid/drOhgitgYku/letMUqOXFoWV0zIIUbjpdH2t+tYj4bQMRQ=="
    "resolved" "https://registry.npmjs.org/strip-indent/-/strip-indent-3.0.0.tgz"
    "version" "3.0.0"
    dependencies:
      "min-indent" "^1.0.0"
  
  "sucrase@^3.32.0":
    "integrity" "sha512-70/LQEZ07TEcxiU2dz51FKaE6hCTWC6vr7FOk3Gr0U60C3shtAN+H+BFr9XlYe5xqf3RA8nrc+VIwzCfnxuXJw=="
    "resolved" "https://registry.npmjs.org/sucrase/-/sucrase-3.34.0.tgz"
    "version" "3.34.0"
    dependencies:
      "@jridgewell/gen-mapping" "^0.3.2"
      "commander" "^4.0.0"
      "glob" "7.1.6"
      "lines-and-columns" "^1.1.6"
      "mz" "^2.7.0"
      "pirates" "^4.0.1"
      "ts-interface-checker" "^0.1.9"
  
  "supports-preserve-symlinks-flag@^1.0.0":
    "integrity" "sha512-ot0WnXS9fgdkgIcePe6RHNk1WA8+muPa6cSjeR3V8K27q9BB1rTE3R1p7Hv0z1ZyAc8s6Vvv8DIyWf681MAt0w=="
    "resolved" "https://registry.npmjs.org/supports-preserve-symlinks-flag/-/supports-preserve-symlinks-flag-1.0.0.tgz"
    "version" "1.0.0"
  
  "svelte-check@^3.5.1":
    "integrity" "sha512-+Zb4iHxAhdUtcUg/WJPRjlS1RJalIsWAe9Mz6G1zyznSs7dDkT7VUBdXc3q7Iwg49O/VrZgyJRvOJkjuBfKjFA=="
    "resolved" "https://registry.npmjs.org/svelte-check/-/svelte-check-3.5.1.tgz"
    "version" "3.5.1"
    dependencies:
      "@jridgewell/trace-mapping" "^0.3.17"
      "chokidar" "^3.4.1"
      "fast-glob" "^3.2.7"
      "import-fresh" "^3.2.1"
      "picocolors" "^1.0.0"
      "sade" "^1.7.4"
      "svelte-preprocess" "^5.0.4"
      "typescript" "^5.0.3"
  
  "svelte-hmr@^0.15.3":
    "integrity" "sha512-41snaPswvSf8TJUhlkoJBekRrABDXDMdpNpT2tfHIv4JuhgvHqLMhEPGtaQn0BmbNSTkuz2Ed20DF2eHw0SmBQ=="
    "resolved" "https://registry.npmjs.org/svelte-hmr/-/svelte-hmr-0.15.3.tgz"
    "version" "0.15.3"
  
  "svelte-preprocess@^5.0.4":
    "integrity" "sha512-ABia2QegosxOGsVlsSBJvoWeXy1wUKSfF7SWJdTjLAbx/Y3SrVevvvbFNQqrSJw89+lNSsM58SipmZJ5SRi5iw=="
    "resolved" "https://registry.npmjs.org/svelte-preprocess/-/svelte-preprocess-5.0.4.tgz"
    "version" "5.0.4"
    dependencies:
      "@types/pug" "^2.0.6"
      "detect-indent" "^6.1.0"
      "magic-string" "^0.27.0"
      "sorcery" "^0.11.0"
      "strip-indent" "^3.0.0"
  
  "svelte@^3.19.0 || ^4.0.0", "svelte@^3.2.0 || ^4.0.0-next.0", "svelte@^3.23.0 || ^4.0.0-next.0 || ^4.0.0", "svelte@^3.54.0 || ^4.0.0", "svelte@^3.54.0 || ^4.0.0-next.0", "svelte@^3.55.0 || ^4.0.0-next.0 || ^4.0.0", "svelte@^3.59.1 || ^4.0.0", "svelte@^4.0.5":
    "integrity" "sha512-kVsdPjDbLrv74SmLSUzAsBGquMs4MPgWGkGLpH+PjOYnFOziAvENVzgJmyOCV2gntxE32aNm8/sqNKD6LbIpeQ=="
    "resolved" "https://registry.npmjs.org/svelte/-/svelte-4.2.0.tgz"
    "version" "4.2.0"
    dependencies:
      "@ampproject/remapping" "^2.2.1"
      "@jridgewell/sourcemap-codec" "^1.4.15"
      "@jridgewell/trace-mapping" "^0.3.18"
      "acorn" "^8.9.0"
      "aria-query" "^5.3.0"
      "axobject-query" "^3.2.1"
      "code-red" "^1.0.3"
      "css-tree" "^2.3.1"
      "estree-walker" "^3.0.3"
      "is-reference" "^3.0.1"
      "locate-character" "^3.0.0"
      "magic-string" "^0.30.0"
      "periscopic" "^3.1.0"
  
  "tabbable@^6.2.0":
    "integrity" "sha512-Cat63mxsVJlzYvN51JmVXIgNoUokrIaT2zLclCXjRd8boZ0004U4KCs/sToJ75C6sdlByWxpYnb5Boif1VSFew=="
    "resolved" "https://registry.npmjs.org/tabbable/-/tabbable-6.2.0.tgz"
    "version" "6.2.0"
  
  "tailwindcss@^3", "tailwindcss@^3.3.3":
    "integrity" "sha512-A0KgSkef7eE4Mf+nKJ83i75TMyq8HqY3qmFIJSWy8bNt0v1lG7jUcpGpoTFxAwYcWOphcTBLPPJg+bDfhDf52w=="
    "resolved" "https://registry.npmjs.org/tailwindcss/-/tailwindcss-3.3.3.tgz"
    "version" "3.3.3"
    dependencies:
      "@alloc/quick-lru" "^5.2.0"
      "arg" "^5.0.2"
      "chokidar" "^3.5.3"
      "didyoumean" "^1.2.2"
      "dlv" "^1.1.3"
      "fast-glob" "^3.2.12"
      "glob-parent" "^6.0.2"
      "is-glob" "^4.0.3"
      "jiti" "^1.18.2"
      "lilconfig" "^2.1.0"
      "micromatch" "^4.0.5"
      "normalize-path" "^3.0.0"
      "object-hash" "^3.0.0"
      "picocolors" "^1.0.0"
      "postcss" "^8.4.23"
      "postcss-import" "^15.1.0"
      "postcss-js" "^4.0.1"
      "postcss-load-config" "^4.0.1"
      "postcss-nested" "^6.0.1"
      "postcss-selector-parser" "^6.0.11"
      "resolve" "^1.22.2"
      "sucrase" "^3.32.0"
  
  "thenify-all@^1.0.0":
    "integrity" "sha512-RNxQH/qI8/t3thXJDwcstUO4zeqo64+Uy/+sNVRBx4Xn2OX+OZ9oP+iJnNFqplFra2ZUVeKCSa2oVWi3T4uVmA=="
    "resolved" "https://registry.npmjs.org/thenify-all/-/thenify-all-1.6.0.tgz"
    "version" "1.6.0"
    dependencies:
      "thenify" ">= 3.1.0 < 4"
  
  "thenify@>= 3.1.0 < 4":
    "integrity" "sha512-RVZSIV5IG10Hk3enotrhvz0T9em6cyHBLkH/YAZuKqd8hRkKhSfCGIcP2KUY0EPxndzANBmNllzWPwak+bheSw=="
    "resolved" "https://registry.npmjs.org/thenify/-/thenify-3.3.1.tgz"
    "version" "3.3.1"
    dependencies:
      "any-promise" "^1.0.0"
  
  "tiny-svg@^3.0.0", "tiny-svg@^3.0.1":
    "integrity" "sha512-P8T4iwiW1t95vpHVHqrD36Brn7TqFYCPSHIWk9WLJtYK1X4aDd+5cgqcAADIWSjf1/i5idKnpCh9mim8hEdRBg=="
    "resolved" "https://registry.npmjs.org/tiny-svg/-/tiny-svg-3.0.1.tgz"
    "version" "3.0.1"
  
  "to-regex-range@^5.0.1":
    "integrity" "sha512-65P7iz6X5yEr1cwcgvQxbbIw7Uk3gOy5dIdtZ4rDveLqhrdJP+Li/Hx6tyK0NEb+2GCyneCMJiGqrADCSNk8sQ=="
    "resolved" "https://registry.npmjs.org/to-regex-range/-/to-regex-range-5.0.1.tgz"
    "version" "5.0.1"
    dependencies:
      "is-number" "^7.0.0"
  
  "totalist@^3.0.0":
    "integrity" "sha512-sf4i37nQ2LBx4m3wB74y+ubopq6W/dIzXg0FDGjsYnZHVa1Da8FH853wlL2gtUhg+xJXjfk3kUZS3BRoQeoQBQ=="
    "resolved" "https://registry.npmjs.org/totalist/-/totalist-3.0.1.tgz"
    "version" "3.0.1"
  
  "ts-interface-checker@^0.1.9":
    "integrity" "sha512-Y/arvbn+rrz3JCKl9C4kVNfTfSm2/mEp5FSz5EsZSANGPSlQrpRI5M4PKF+mJnE52jOO90PnPSc3Ur3bTQw0gA=="
    "resolved" "https://registry.npmjs.org/ts-interface-checker/-/ts-interface-checker-0.1.13.tgz"
    "version" "0.1.13"
  
  "tslib@^2.0.3":
    "integrity" "sha512-AEYxH93jGFPn/a2iVAwW87VuUIkR1FVUKB77NwMF7nBTDkDrrT/Hpt/IrCJ0QXhW27jTBDcf5ZY7w6RiqTMw2Q=="
    "resolved" "https://registry.npmjs.org/tslib/-/tslib-2.6.2.tgz"
    "version" "2.6.2"
  
  "typescript@^5.0.3", "typescript@^5.2.2", "typescript@>=3.9.5 || ^4.0.0 || ^5.0.0":
    "integrity" "sha512-mI4WrpHsbCIcwT9cF4FZvr80QUeKvsUsUvKDoR+X/7XHQH98xYD8YHZg7ANtz2GtZt/CBq2QJ0thkGJMHfqc1w=="
    "resolved" "https://registry.npmjs.org/typescript/-/typescript-5.2.2.tgz"
    "version" "5.2.2"
  
  "undici@~5.23.0":
    "integrity" "sha512-1D7w+fvRsqlQ9GscLBwcAJinqcZGHUKjbOmXdlE/v8BvEGXjeWAax+341q44EuTcHXXnfyKNbKRq4Lg7OzhMmg=="
    "resolved" "https://registry.npmjs.org/undici/-/undici-5.23.0.tgz"
    "version" "5.23.0"
    dependencies:
      "busboy" "^1.6.0"
  
  "update-browserslist-db@^1.0.11":
    "integrity" "sha512-dCwEFf0/oT85M1fHBg4F0jtLwJrutGoHSQXCh7u4o2t1drG+c0a9Flnqww6XUKSfQMPpJBRjU8d4RXB09qtvaA=="
    "resolved" "https://registry.npmjs.org/update-browserslist-db/-/update-browserslist-db-1.0.11.tgz"
    "version" "1.0.11"
    dependencies:
      "escalade" "^3.1.1"
      "picocolors" "^1.0.0"
  
  "util-deprecate@^1.0.2":
    "integrity" "sha512-EPD5q1uXyFxJpCrLnCc1nHnq3gOa6DZBocAIiI2TaSCA7VCJ1UJDMagCzIkXNsUYfD1daK//LTEQ8xiIbrHtcw=="
    "resolved" "https://registry.npmjs.org/util-deprecate/-/util-deprecate-1.0.2.tgz"
    "version" "1.0.2"
  
  "vite@^3.0.0 || ^4.0.0", "vite@^4.0.0", "vite@^4.4.2":
    "integrity" "sha512-2mbUn2LlUmNASWwSCNSJ/EG2HuSRTnVNaydp6vMCm5VIqJsjMfbIWtbH2kDuwUVW5mMUKKZvGPX/rqeqVvv1XA=="
    "resolved" "https://registry.npmjs.org/vite/-/vite-4.4.9.tgz"
    "version" "4.4.9"
    dependencies:
      "esbuild" "^0.18.10"
      "postcss" "^8.4.27"
      "rollup" "^3.27.1"
    optionalDependencies:
      "fsevents" "~2.3.2"
  
  "vitefu@^0.2.4":
    "integrity" "sha512-fanAXjSaf9xXtOOeno8wZXIhgia+CZury481LsDaV++lSvcU2R9Ch2bPh3PYFyoHW+w9LqAeYRISVQjUIew14g=="
    "resolved" "https://registry.npmjs.org/vitefu/-/vitefu-0.2.4.tgz"
    "version" "0.2.4"
  
  "wrappy@1":
    "integrity" "sha512-l4Sp/DRseor9wL6EvV2+TuQn63dMkPjZ/sp9XkghTEbV9KlPS1xUsZ3u7/IQO4wxtcFB4bgpQPRcR3QCvezPcQ=="
    "resolved" "https://registry.npmjs.org/wrappy/-/wrappy-1.0.2.tgz"
    "version" "1.0.2"
  
  "yaml@^2.1.1":
    "integrity" "sha512-2eHWfjaoXgTBC2jNM1LRef62VQa0umtvRiDSk6HSzW7RvS5YtkabJrwYLLEKWBc8a5U2PTSCs+dJjUTJdlHsWQ=="
    "resolved" "https://registry.npmjs.org/yaml/-/yaml-2.3.1.tgz"
    "version" "2.3.1"
  
  "yesvelte@^0.0.2-next.209":
    "integrity" "sha512-0jFdBQIj3nyFFNmiAS6CXD8jQCClbBR0Gja4B1dcs+EGl5TuPo1K1WNRKxmHF60dSh8oZfj6M5z1ed7LFvrTeQ=="
    "resolved" "https://registry.npmjs.org/yesvelte/-/yesvelte-0.0.2-next.209.tgz"
    "version" "0.0.2-next.209"
    dependencies:
      "@floating-ui/dom" "^1.2.9"
      "focus-trap" "^7.4.3"
      "fuzzy" "^0.1.3"
      "iconify-icon" "^1.0.7"
      "inputmask" "^5.0.8"
      "litepicker" "^2.0.12"
      "moment" "^2.29.4"
      "nouislider" "^15.7.0"
      "param-case" "^3.0.4"
      "quill" "^1.3.7"
